<?xml version="1.0" encoding="UTF-8"?>
<coverage generated="1776873987939" clover="3.2.0">
  <project timestamp="1776873987940" name="All files">
    <metrics statements="139" coveredstatements="138" conditionals="22" coveredconditionals="20" methods="16" coveredmethods="16" elements="177" coveredelements="174" complexity="0" loc="139" ncloc="139" packages="1" files="1" classes="1"/>
    <file name="lab3.js" path="C:\Users\Соломія\Desktop\labs\lab3\lab3.js">
      <metrics statements="139" coveredstatements="138" conditionals="22" coveredconditionals="20" methods="16" coveredmethods="16"/>
      <line num="1" count="1" type="stmt"/>
      <line num="3" count="1" type="stmt"/>
      <line num="4" count="1" type="stmt"/>
      <line num="6" count="1" type="stmt"/>
      <line num="7" count="1" type="stmt"/>
      <line num="8" count="1" type="stmt"/>
      <line num="9" count="1" type="stmt"/>
      <line num="10" count="1" type="stmt"/>
      <line num="11" count="1" type="stmt"/>
      <line num="12" count="1" type="stmt"/>
      <line num="15" count="4" type="stmt"/>
      <line num="16" count="4" type="stmt"/>
      <line num="17" count="4" type="stmt"/>
      <line num="19" count="4" type="cond" truecount="4" falsecount="0"/>
      <line num="20" count="2" type="stmt"/>
      <line num="21" count="2" type="stmt"/>
      <line num="24" count="2" type="stmt"/>
      <line num="26" count="2" type="stmt"/>
      <line num="27" count="2" type="stmt"/>
      <line num="28" count="2" type="stmt"/>
      <line num="29" count="2" type="stmt"/>
      <line num="30" count="2" type="stmt"/>
      <line num="32" count="2" type="stmt"/>
      <line num="33" count="2" type="stmt"/>
      <line num="35" count="2" type="stmt"/>
      <line num="41" count="2" type="stmt"/>
      <line num="46" count="2" type="stmt"/>
      <line num="47" count="2" type="stmt"/>
      <line num="49" count="2" type="stmt"/>
      <line num="50" count="2" type="stmt"/>
      <line num="51" count="2" type="stmt"/>
      <line num="53" count="2" type="stmt"/>
      <line num="54" count="2" type="stmt"/>
      <line num="55" count="2" type="stmt"/>
      <line num="57" count="0" type="stmt"/>
      <line num="61" count="2" type="stmt"/>
      <line num="65" count="3" type="stmt"/>
      <line num="66" count="3" type="stmt"/>
      <line num="67" count="3" type="stmt"/>
      <line num="69" count="3" type="cond" truecount="4" falsecount="0"/>
      <line num="70" count="1" type="stmt"/>
      <line num="73" count="2" type="stmt"/>
      <line num="75" count="2" type="stmt"/>
      <line num="76" count="2" type="stmt"/>
      <line num="77" count="2" type="stmt"/>
      <line num="79" count="2" type="cond" truecount="2" falsecount="0"/>
      <line num="80" count="1" type="stmt"/>
      <line num="83" count="1" type="stmt"/>
      <line num="85" count="1" type="stmt"/>
      <line num="91" count="1" type="stmt"/>
      <line num="96" count="1" type="stmt"/>
      <line num="97" count="1" type="stmt"/>
      <line num="98" count="1" type="stmt"/>
      <line num="100" count="1" type="stmt"/>
      <line num="101" count="1" type="stmt"/>
      <line num="102" count="1" type="stmt"/>
      <line num="104" count="1" type="stmt"/>
      <line num="108" count="2" type="stmt"/>
      <line num="112" count="1385" type="stmt"/>
      <line num="116" count="113" type="stmt"/>
      <line num="120" count="10" type="stmt"/>
      <line num="122" count="10" type="stmt"/>
      <line num="123" count="160" type="stmt"/>
      <line num="126" count="10" type="stmt"/>
      <line num="127" count="10" type="stmt"/>
      <line num="129" count="10" type="stmt"/>
      <line num="130" count="10" type="stmt"/>
      <line num="131" count="170" type="stmt"/>
      <line num="134" count="10" type="stmt"/>
      <line num="135" count="10" type="stmt"/>
      <line num="136" count="10" type="stmt"/>
      <line num="137" count="10" type="stmt"/>
      <line num="138" count="10" type="stmt"/>
      <line num="140" count="10" type="stmt"/>
      <line num="141" count="540" type="stmt"/>
      <line num="142" count="540" type="stmt"/>
      <line num="143" count="540" type="stmt"/>
      <line num="144" count="540" type="stmt"/>
      <line num="147" count="10" type="stmt"/>
      <line num="151" count="19" type="stmt"/>
      <line num="152" count="19" type="stmt"/>
      <line num="154" count="19" type="stmt"/>
      <line num="155" count="152" type="stmt"/>
      <line num="156" count="152" type="stmt"/>
      <line num="159" count="19" type="stmt"/>
      <line num="163" count="7" type="stmt"/>
      <line num="164" count="56" type="stmt"/>
      <line num="165" count="56" type="stmt"/>
      <line num="168" count="7" type="stmt"/>
      <line num="175" count="6" type="stmt"/>
      <line num="176" count="6" type="stmt"/>
      <line num="178" count="6" type="stmt"/>
      <line num="179" count="15" type="stmt"/>
      <line num="180" count="15" type="stmt"/>
      <line num="182" count="15" type="stmt"/>
      <line num="183" count="60" type="stmt"/>
      <line num="186" count="15" type="stmt"/>
      <line num="192" count="15" type="stmt"/>
      <line num="197" count="15" type="stmt"/>
      <line num="198" count="15" type="stmt"/>
      <line num="201" count="6" type="stmt"/>
      <line num="205" count="2" type="stmt"/>
      <line num="206" count="2" type="stmt"/>
      <line num="208" count="2" type="stmt"/>
      <line num="209" count="5" type="stmt"/>
      <line num="211" count="5" type="stmt"/>
      <line num="217" count="5" type="stmt"/>
      <line num="222" count="5" type="stmt"/>
      <line num="223" count="20" type="stmt"/>
      <line num="226" count="5" type="stmt"/>
      <line num="229" count="2" type="stmt"/>
      <line num="233" count="7" type="stmt"/>
      <line num="234" count="7" type="stmt"/>
      <line num="235" count="7" type="stmt"/>
      <line num="236" count="7" type="stmt"/>
      <line num="237" count="7" type="stmt"/>
      <line num="241" count="3" type="stmt"/>
      <line num="243" count="3" type="cond" truecount="4" falsecount="0"/>
      <line num="244" count="1" type="stmt"/>
      <line num="247" count="2" type="stmt"/>
      <line num="251" count="12" type="stmt"/>
      <line num="253" count="12" type="stmt"/>
      <line num="254" count="163" type="stmt"/>
      <line num="257" count="12" type="stmt"/>
      <line num="261" count="2" type="cond" truecount="2" falsecount="0"/>
      <line num="262" count="1" type="stmt"/>
      <line num="263" count="1" type="stmt"/>
      <line num="266" count="1" type="stmt"/>
      <line num="267" count="1" type="stmt"/>
      <line num="269" count="1" type="stmt"/>
      <line num="270" count="1" type="cond" truecount="1" falsecount="1"/>
      <line num="271" count="1" type="stmt"/>
      <line num="275" count="11" type="stmt"/>
      <line num="276" count="11" type="stmt"/>
      <line num="277" count="11" type="stmt"/>
      <line num="278" count="11" type="stmt"/>
      <line num="279" count="11" type="stmt"/>
      <line num="282" count="1" type="cond" truecount="3" falsecount="1"/>
      <line num="283" count="1" type="stmt"/>
    </file>
  </project>
</coverage>
