<?xml version="1.0" encoding="UTF-8"?>
<coverage generated="1777534967791" clover="3.2.0">
  <project timestamp="1777534967792" name="All files">
    <metrics statements="135" coveredstatements="103" conditionals="22" coveredconditionals="16" methods="14" coveredmethods="14" elements="171" coveredelements="133" complexity="0" loc="135" ncloc="135" packages="1" files="1" classes="1"/>
    <file name="lab3.js" path="C:\Users\Соломія\Desktop\labs\lab3\lab3.js">
      <metrics statements="135" coveredstatements="103" conditionals="22" coveredconditionals="16" methods="14" coveredmethods="14"/>
      <line num="1" count="1" type="stmt"/>
      <line num="3" count="1" type="stmt"/>
      <line num="4" count="1" type="stmt"/>
      <line num="6" count="1" type="stmt"/>
      <line num="7" count="1" type="stmt"/>
      <line num="8" count="1" type="stmt"/>
      <line num="9" count="1" type="stmt"/>
      <line num="10" count="1" type="stmt"/>
      <line num="11" count="1" type="stmt"/>
      <line num="12" count="1" type="stmt"/>
      <line num="15" count="4" type="stmt"/>
      <line num="16" count="4" type="stmt"/>
      <line num="17" count="4" type="stmt"/>
      <line num="19" count="4" type="cond" truecount="4" falsecount="0"/>
      <line num="20" count="2" type="stmt"/>
      <line num="21" count="2" type="stmt"/>
      <line num="24" count="2" type="stmt"/>
      <line num="25" count="2" type="stmt"/>
      <line num="26" count="0" type="stmt"/>
      <line num="28" count="0" type="stmt"/>
      <line num="29" count="0" type="stmt"/>
      <line num="31" count="0" type="stmt"/>
      <line num="32" count="0" type="stmt"/>
      <line num="34" count="0" type="stmt"/>
      <line num="40" count="0" type="stmt"/>
      <line num="45" count="0" type="stmt"/>
      <line num="46" count="0" type="stmt"/>
      <line num="48" count="0" type="stmt"/>
      <line num="49" count="0" type="stmt"/>
      <line num="50" count="0" type="stmt"/>
      <line num="52" count="0" type="stmt"/>
      <line num="53" count="0" type="stmt"/>
      <line num="54" count="0" type="stmt"/>
      <line num="56" count="2" type="stmt"/>
      <line num="61" count="3" type="stmt"/>
      <line num="62" count="3" type="stmt"/>
      <line num="63" count="3" type="stmt"/>
      <line num="65" count="3" type="cond" truecount="4" falsecount="0"/>
      <line num="66" count="1" type="stmt"/>
      <line num="69" count="2" type="stmt"/>
      <line num="70" count="2" type="stmt"/>
      <line num="71" count="0" type="stmt"/>
      <line num="73" count="0" type="cond" truecount="0" falsecount="2"/>
      <line num="74" count="0" type="stmt"/>
      <line num="77" count="0" type="stmt"/>
      <line num="79" count="0" type="stmt"/>
      <line num="85" count="0" type="stmt"/>
      <line num="90" count="0" type="stmt"/>
      <line num="91" count="0" type="stmt"/>
      <line num="92" count="0" type="stmt"/>
      <line num="94" count="0" type="stmt"/>
      <line num="95" count="0" type="stmt"/>
      <line num="96" count="0" type="stmt"/>
      <line num="98" count="2" type="stmt"/>
      <line num="103" count="933" type="stmt"/>
      <line num="107" count="65" type="stmt"/>
      <line num="111" count="7" type="stmt"/>
      <line num="113" count="7" type="stmt"/>
      <line num="114" count="112" type="stmt"/>
      <line num="117" count="7" type="stmt"/>
      <line num="118" count="7" type="stmt"/>
      <line num="120" count="7" type="stmt"/>
      <line num="121" count="7" type="stmt"/>
      <line num="122" count="119" type="stmt"/>
      <line num="125" count="7" type="stmt"/>
      <line num="126" count="7" type="stmt"/>
      <line num="127" count="7" type="stmt"/>
      <line num="128" count="7" type="stmt"/>
      <line num="129" count="7" type="stmt"/>
      <line num="131" count="7" type="stmt"/>
      <line num="132" count="378" type="stmt"/>
      <line num="133" count="378" type="stmt"/>
      <line num="134" count="378" type="stmt"/>
      <line num="135" count="378" type="stmt"/>
      <line num="138" count="7" type="stmt"/>
      <line num="142" count="11" type="stmt"/>
      <line num="143" count="11" type="stmt"/>
      <line num="145" count="11" type="stmt"/>
      <line num="146" count="88" type="stmt"/>
      <line num="147" count="88" type="stmt"/>
      <line num="150" count="11" type="stmt"/>
      <line num="154" count="4" type="stmt"/>
      <line num="155" count="32" type="stmt"/>
      <line num="156" count="32" type="stmt"/>
      <line num="159" count="4" type="stmt"/>
      <line num="166" count="4" type="stmt"/>
      <line num="167" count="4" type="stmt"/>
      <line num="169" count="4" type="stmt"/>
      <line num="170" count="9" type="stmt"/>
      <line num="171" count="9" type="stmt"/>
      <line num="173" count="9" type="stmt"/>
      <line num="174" count="36" type="stmt"/>
      <line num="177" count="9" type="stmt"/>
      <line num="183" count="9" type="stmt"/>
      <line num="188" count="9" type="stmt"/>
      <line num="189" count="9" type="stmt"/>
      <line num="192" count="4" type="stmt"/>
      <line num="196" count="1" type="stmt"/>
      <line num="197" count="1" type="stmt"/>
      <line num="199" count="1" type="stmt"/>
      <line num="200" count="3" type="stmt"/>
      <line num="202" count="3" type="stmt"/>
      <line num="208" count="3" type="stmt"/>
      <line num="213" count="3" type="stmt"/>
      <line num="214" count="12" type="stmt"/>
      <line num="217" count="3" type="stmt"/>
      <line num="220" count="1" type="stmt"/>
      <line num="224" count="5" type="stmt"/>
      <line num="225" count="5" type="stmt"/>
      <line num="226" count="5" type="stmt"/>
      <line num="227" count="5" type="stmt"/>
      <line num="228" count="5" type="stmt"/>
      <line num="232" count="2" type="stmt"/>
      <line num="234" count="2" type="cond" truecount="4" falsecount="0"/>
      <line num="235" count="1" type="stmt"/>
      <line num="238" count="1" type="stmt"/>
      <line num="242" count="9" type="stmt"/>
      <line num="244" count="9" type="stmt"/>
      <line num="245" count="115" type="stmt"/>
      <line num="247" count="9" type="stmt"/>
      <line num="251" count="2" type="cond" truecount="1" falsecount="1"/>
      <line num="252" count="2" type="stmt"/>
      <line num="253" count="2" type="stmt"/>
      <line num="256" count="0" type="stmt"/>
      <line num="257" count="0" type="stmt"/>
      <line num="259" count="0" type="stmt"/>
      <line num="260" count="0" type="cond" truecount="0" falsecount="2"/>
      <line num="261" count="0" type="stmt"/>
      <line num="265" count="11" type="stmt"/>
      <line num="266" count="11" type="stmt"/>
      <line num="267" count="11" type="stmt"/>
      <line num="268" count="11" type="stmt"/>
      <line num="269" count="11" type="stmt"/>
      <line num="272" count="1" type="cond" truecount="3" falsecount="1"/>
      <line num="273" count="1" type="stmt"/>
    </file>
  </project>
</coverage>
