{"C:\\Users\\Соломія\\Desktop\\labs\\lab3\\lab3.js": {"path":"C:\\Users\\Соломія\\Desktop\\labs\\lab3\\lab3.js","statementMap":{"0":{"start":{"line":1,"column":26},"end":{"line":1,"column":42}},"1":{"start":{"line":3,"column":23},"end":{"line":3,"column":27}},"2":{"start":{"line":4,"column":15},"end":{"line":4,"column":17}},"3":{"start":{"line":6,"column":10},"end":{"line":6,"column":12}},"4":{"start":{"line":7,"column":10},"end":{"line":7,"column":11}},"5":{"start":{"line":8,"column":10},"end":{"line":8,"column":12}},"6":{"start":{"line":9,"column":12},"end":{"line":9,"column":17}},"7":{"start":{"line":10,"column":13},"end":{"line":10,"column":18}},"8":{"start":{"line":11,"column":10},"end":{"line":11,"column":16}},"9":{"start":{"line":12,"column":10},"end":{"line":12,"column":16}},"10":{"start":{"line":15,"column":21},"end":{"line":15,"column":74}},"11":{"start":{"line":16,"column":17},"end":{"line":16,"column":62}},"12":{"start":{"line":17,"column":19},"end":{"line":17,"column":52}},"13":{"start":{"line":19,"column":4},"end":{"line":22,"column":5}},"14":{"start":{"line":20,"column":8},"end":{"line":20,"column":67}},"15":{"start":{"line":21,"column":8},"end":{"line":21,"column":15}},"16":{"start":{"line":24,"column":19},"end":{"line":24,"column":35}},"17":{"start":{"line":26,"column":4},"end":{"line":59,"column":6}},"18":{"start":{"line":27,"column":8},"end":{"line":58,"column":9}},"19":{"start":{"line":28,"column":30},"end":{"line":28,"column":65}},"20":{"start":{"line":29,"column":29},"end":{"line":29,"column":70}},"21":{"start":{"line":30,"column":22},"end":{"line":30,"column":41}},"22":{"start":{"line":32,"column":26},"end":{"line":32,"column":43}},"23":{"start":{"line":33,"column":12},"end":{"line":33,"column":49}},"24":{"start":{"line":35,"column":37},"end":{"line":39,"column":13}},"25":{"start":{"line":41,"column":37},"end":{"line":44,"column":14}},"26":{"start":{"line":46,"column":32},"end":{"line":46,"column":56}},"27":{"start":{"line":47,"column":34},"end":{"line":47,"column":67}},"28":{"start":{"line":49,"column":31},"end":{"line":49,"column":93}},"29":{"start":{"line":50,"column":12},"end":{"line":50,"column":48}},"30":{"start":{"line":51,"column":12},"end":{"line":51,"column":67}},"31":{"start":{"line":53,"column":12},"end":{"line":53,"column":115}},"32":{"start":{"line":54,"column":12},"end":{"line":54,"column":42}},"33":{"start":{"line":55,"column":12},"end":{"line":55,"column":33}},"34":{"start":{"line":57,"column":12},"end":{"line":57,"column":51}},"35":{"start":{"line":61,"column":4},"end":{"line":61,"column":35}},"36":{"start":{"line":65,"column":21},"end":{"line":65,"column":74}},"37":{"start":{"line":66,"column":17},"end":{"line":66,"column":62}},"38":{"start":{"line":67,"column":19},"end":{"line":67,"column":52}},"39":{"start":{"line":69,"column":4},"end":{"line":71,"column":5}},"40":{"start":{"line":70,"column":8},"end":{"line":70,"column":15}},"41":{"start":{"line":73,"column":19},"end":{"line":73,"column":35}},"42":{"start":{"line":75,"column":4},"end":{"line":106,"column":6}},"43":{"start":{"line":76,"column":8},"end":{"line":105,"column":9}},"44":{"start":{"line":77,"column":30},"end":{"line":77,"column":65}},"45":{"start":{"line":79,"column":12},"end":{"line":81,"column":13}},"46":{"start":{"line":80,"column":16},"end":{"line":80,"column":55}},"47":{"start":{"line":83,"column":22},"end":{"line":83,"column":74}},"48":{"start":{"line":85,"column":37},"end":{"line":89,"column":13}},"49":{"start":{"line":91,"column":26},"end":{"line":94,"column":14}},"50":{"start":{"line":96,"column":34},"end":{"line":96,"column":52}},"51":{"start":{"line":97,"column":36},"end":{"line":97,"column":71}},"52":{"start":{"line":98,"column":31},"end":{"line":98,"column":61}},"53":{"start":{"line":100,"column":12},"end":{"line":100,"column":92}},"54":{"start":{"line":101,"column":12},"end":{"line":101,"column":42}},"55":{"start":{"line":102,"column":12},"end":{"line":102,"column":33}},"56":{"start":{"line":104,"column":12},"end":{"line":104,"column":51}},"57":{"start":{"line":108,"column":4},"end":{"line":108,"column":35}},"58":{"start":{"line":112,"column":4},"end":{"line":112,"column":59}},"59":{"start":{"line":116,"column":4},"end":{"line":116,"column":59}},"60":{"start":{"line":120,"column":14},"end":{"line":120,"column":38}},"61":{"start":{"line":122,"column":4},"end":{"line":124,"column":5}},"62":{"start":{"line":122,"column":17},"end":{"line":122,"column":18}},"63":{"start":{"line":123,"column":8},"end":{"line":123,"column":56}},"64":{"start":{"line":126,"column":14},"end":{"line":126,"column":25}},"65":{"start":{"line":127,"column":14},"end":{"line":127,"column":26}},"66":{"start":{"line":129,"column":4},"end":{"line":129,"column":13}},"67":{"start":{"line":130,"column":4},"end":{"line":132,"column":5}},"68":{"start":{"line":130,"column":17},"end":{"line":130,"column":18}},"69":{"start":{"line":131,"column":8},"end":{"line":131,"column":37}},"70":{"start":{"line":134,"column":12},"end":{"line":134,"column":13}},"71":{"start":{"line":135,"column":13},"end":{"line":135,"column":14}},"72":{"start":{"line":136,"column":12},"end":{"line":136,"column":13}},"73":{"start":{"line":137,"column":12},"end":{"line":137,"column":13}},"74":{"start":{"line":138,"column":14},"end":{"line":138,"column":39}},"75":{"start":{"line":140,"column":4},"end":{"line":145,"column":5}},"76":{"start":{"line":140,"column":17},"end":{"line":140,"column":18}},"77":{"start":{"line":141,"column":8},"end":{"line":141,"column":51}},"78":{"start":{"line":142,"column":8},"end":{"line":142,"column":57}},"79":{"start":{"line":143,"column":8},"end":{"line":143,"column":24}},"80":{"start":{"line":144,"column":8},"end":{"line":144,"column":31}},"81":{"start":{"line":147,"column":4},"end":{"line":147,"column":13}},"82":{"start":{"line":151,"column":4},"end":{"line":151,"column":26}},"83":{"start":{"line":152,"column":4},"end":{"line":152,"column":28}},"84":{"start":{"line":154,"column":4},"end":{"line":157,"column":5}},"85":{"start":{"line":154,"column":17},"end":{"line":154,"column":18}},"86":{"start":{"line":155,"column":8},"end":{"line":155,"column":49}},"87":{"start":{"line":156,"column":8},"end":{"line":156,"column":53}},"88":{"start":{"line":159,"column":4},"end":{"line":159,"column":19}},"89":{"start":{"line":163,"column":4},"end":{"line":166,"column":5}},"90":{"start":{"line":163,"column":17},"end":{"line":163,"column":18}},"91":{"start":{"line":164,"column":8},"end":{"line":164,"column":68}},"92":{"start":{"line":165,"column":8},"end":{"line":165,"column":64}},"93":{"start":{"line":168,"column":4},"end":{"line":171,"column":6}},"94":{"start":{"line":175,"column":16},"end":{"line":175,"column":44}},"95":{"start":{"line":176,"column":15},"end":{"line":176,"column":17}},"96":{"start":{"line":178,"column":4},"end":{"line":199,"column":5}},"97":{"start":{"line":178,"column":17},"end":{"line":178,"column":18}},"98":{"start":{"line":179,"column":22},"end":{"line":179,"column":43}},"99":{"start":{"line":180,"column":22},"end":{"line":180,"column":39}},"100":{"start":{"line":182,"column":8},"end":{"line":184,"column":9}},"101":{"start":{"line":182,"column":21},"end":{"line":182,"column":22}},"102":{"start":{"line":183,"column":12},"end":{"line":183,"column":42}},"103":{"start":{"line":186,"column":29},"end":{"line":190,"column":9}},"104":{"start":{"line":192,"column":26},"end":{"line":195,"column":10}},"105":{"start":{"line":197,"column":8},"end":{"line":197,"column":30}},"106":{"start":{"line":198,"column":8},"end":{"line":198,"column":25}},"107":{"start":{"line":201,"column":4},"end":{"line":201,"column":15}},"108":{"start":{"line":205,"column":16},"end":{"line":205,"column":44}},"109":{"start":{"line":206,"column":15},"end":{"line":206,"column":17}},"110":{"start":{"line":208,"column":4},"end":{"line":227,"column":5}},"111":{"start":{"line":208,"column":17},"end":{"line":208,"column":18}},"112":{"start":{"line":209,"column":21},"end":{"line":209,"column":42}},"113":{"start":{"line":211,"column":29},"end":{"line":215,"column":9}},"114":{"start":{"line":217,"column":26},"end":{"line":220,"column":10}},"115":{"start":{"line":222,"column":8},"end":{"line":224,"column":9}},"116":{"start":{"line":222,"column":21},"end":{"line":222,"column":22}},"117":{"start":{"line":223,"column":12},"end":{"line":223,"column":48}},"118":{"start":{"line":226,"column":8},"end":{"line":226,"column":20}},"119":{"start":{"line":229,"column":4},"end":{"line":229,"column":15}},"120":{"start":{"line":233,"column":16},"end":{"line":233,"column":43}},"121":{"start":{"line":234,"column":16},"end":{"line":234,"column":49}},"122":{"start":{"line":235,"column":4},"end":{"line":235,"column":18}},"123":{"start":{"line":236,"column":4},"end":{"line":236,"column":31}},"124":{"start":{"line":237,"column":4},"end":{"line":237,"column":15}},"125":{"start":{"line":241,"column":16},"end":{"line":241,"column":37}},"126":{"start":{"line":243,"column":4},"end":{"line":245,"column":5}},"127":{"start":{"line":244,"column":8},"end":{"line":244,"column":20}},"128":{"start":{"line":247,"column":4},"end":{"line":247,"column":44}},"129":{"start":{"line":251,"column":19},"end":{"line":251,"column":21}},"130":{"start":{"line":253,"column":4},"end":{"line":255,"column":5}},"131":{"start":{"line":253,"column":17},"end":{"line":253,"column":18}},"132":{"start":{"line":254,"column":8},"end":{"line":254,"column":52}},"133":{"start":{"line":257,"column":4},"end":{"line":257,"column":18}},"134":{"start":{"line":261,"column":4},"end":{"line":264,"column":5}},"135":{"start":{"line":262,"column":8},"end":{"line":262,"column":29}},"136":{"start":{"line":263,"column":8},"end":{"line":263,"column":15}},"137":{"start":{"line":266,"column":17},"end":{"line":266,"column":83}},"138":{"start":{"line":267,"column":14},"end":{"line":267,"column":41}},"139":{"start":{"line":269,"column":4},"end":{"line":269,"column":39}},"140":{"start":{"line":270,"column":4},"end":{"line":270,"column":76}},"141":{"start":{"line":271,"column":4},"end":{"line":271,"column":14}},"142":{"start":{"line":275,"column":4},"end":{"line":275,"column":56}},"143":{"start":{"line":276,"column":4},"end":{"line":276,"column":52}},"144":{"start":{"line":277,"column":4},"end":{"line":277,"column":49}},"145":{"start":{"line":278,"column":4},"end":{"line":278,"column":28}},"146":{"start":{"line":279,"column":4},"end":{"line":279,"column":18}},"147":{"start":{"line":282,"column":0},"end":{"line":299,"column":1}},"148":{"start":{"line":283,"column":4},"end":{"line":298,"column":6}}},"fnMap":{"0":{"name":"encryptFile","decl":{"start":{"line":14,"column":9},"end":{"line":14,"column":20}},"loc":{"start":{"line":14,"column":23},"end":{"line":62,"column":1}},"line":14},"1":{"name":"(anonymous_1)","decl":{"start":{"line":26,"column":20},"end":{"line":26,"column":21}},"loc":{"start":{"line":26,"column":37},"end":{"line":59,"column":5}},"line":26},"2":{"name":"decryptFile","decl":{"start":{"line":64,"column":9},"end":{"line":64,"column":20}},"loc":{"start":{"line":64,"column":23},"end":{"line":109,"column":1}},"line":64},"3":{"name":"(anonymous_3)","decl":{"start":{"line":75,"column":20},"end":{"line":75,"column":21}},"loc":{"start":{"line":75,"column":37},"end":{"line":106,"column":5}},"line":75},"4":{"name":"rotl","decl":{"start":{"line":111,"column":9},"end":{"line":111,"column":13}},"loc":{"start":{"line":111,"column":20},"end":{"line":113,"column":1}},"line":111},"5":{"name":"rotr","decl":{"start":{"line":115,"column":9},"end":{"line":115,"column":13}},"loc":{"start":{"line":115,"column":20},"end":{"line":117,"column":1}},"line":115},"6":{"name":"generateS","decl":{"start":{"line":119,"column":9},"end":{"line":119,"column":18}},"loc":{"start":{"line":119,"column":22},"end":{"line":148,"column":1}},"line":119},"7":{"name":"encryptBlock","decl":{"start":{"line":150,"column":9},"end":{"line":150,"column":21}},"loc":{"start":{"line":150,"column":32},"end":{"line":160,"column":1}},"line":150},"8":{"name":"decryptBlock","decl":{"start":{"line":162,"column":9},"end":{"line":162,"column":21}},"loc":{"start":{"line":162,"column":32},"end":{"line":172,"column":1}},"line":162},"9":{"name":"encryptCBC","decl":{"start":{"line":174,"column":9},"end":{"line":174,"column":19}},"loc":{"start":{"line":174,"column":34},"end":{"line":202,"column":1}},"line":174},"10":{"name":"decryptCBC","decl":{"start":{"line":204,"column":9},"end":{"line":204,"column":19}},"loc":{"start":{"line":204,"column":34},"end":{"line":230,"column":1}},"line":204},"11":{"name":"addPadding","decl":{"start":{"line":232,"column":9},"end":{"line":232,"column":19}},"loc":{"start":{"line":232,"column":32},"end":{"line":238,"column":1}},"line":232},"12":{"name":"removePadding","decl":{"start":{"line":240,"column":9},"end":{"line":240,"column":22}},"loc":{"start":{"line":240,"column":29},"end":{"line":248,"column":1}},"line":240},"13":{"name":"hexStringToBytes","decl":{"start":{"line":250,"column":9},"end":{"line":250,"column":25}},"loc":{"start":{"line":250,"column":31},"end":{"line":258,"column":1}},"line":250},"14":{"name":"saveResult","decl":{"start":{"line":260,"column":9},"end":{"line":260,"column":19}},"loc":{"start":{"line":260,"column":22},"end":{"line":272,"column":1}},"line":260},"15":{"name":"clearAll","decl":{"start":{"line":274,"column":9},"end":{"line":274,"column":17}},"loc":{"start":{"line":274,"column":20},"end":{"line":280,"column":1}},"line":274}},"branchMap":{"0":{"loc":{"start":{"line":19,"column":4},"end":{"line":22,"column":5}},"type":"if","locations":[{"start":{"line":19,"column":4},"end":{"line":22,"column":5}},{"start":{},"end":{}}],"line":19},"1":{"loc":{"start":{"line":19,"column":8},"end":{"line":19,"column":26}},"type":"binary-expr","locations":[{"start":{"line":19,"column":8},"end":{"line":19,"column":17}},{"start":{"line":19,"column":21},"end":{"line":19,"column":26}}],"line":19},"2":{"loc":{"start":{"line":69,"column":4},"end":{"line":71,"column":5}},"type":"if","locations":[{"start":{"line":69,"column":4},"end":{"line":71,"column":5}},{"start":{},"end":{}}],"line":69},"3":{"loc":{"start":{"line":69,"column":8},"end":{"line":69,"column":26}},"type":"binary-expr","locations":[{"start":{"line":69,"column":8},"end":{"line":69,"column":17}},{"start":{"line":69,"column":21},"end":{"line":69,"column":26}}],"line":69},"4":{"loc":{"start":{"line":79,"column":12},"end":{"line":81,"column":13}},"type":"if","locations":[{"start":{"line":79,"column":12},"end":{"line":81,"column":13}},{"start":{},"end":{}}],"line":79},"5":{"loc":{"start":{"line":243,"column":4},"end":{"line":245,"column":5}},"type":"if","locations":[{"start":{"line":243,"column":4},"end":{"line":245,"column":5}},{"start":{},"end":{}}],"line":243},"6":{"loc":{"start":{"line":243,"column":8},"end":{"line":243,"column":26}},"type":"binary-expr","locations":[{"start":{"line":243,"column":8},"end":{"line":243,"column":15}},{"start":{"line":243,"column":19},"end":{"line":243,"column":26}}],"line":243},"7":{"loc":{"start":{"line":261,"column":4},"end":{"line":264,"column":5}},"type":"if","locations":[{"start":{"line":261,"column":4},"end":{"line":264,"column":5}},{"start":{},"end":{}}],"line":261},"8":{"loc":{"start":{"line":270,"column":17},"end":{"line":270,"column":75}},"type":"cond-expr","locations":[{"start":{"line":270,"column":42},"end":{"line":270,"column":57}},{"start":{"line":270,"column":60},"end":{"line":270,"column":75}}],"line":270},"9":{"loc":{"start":{"line":282,"column":0},"end":{"line":299,"column":1}},"type":"if","locations":[{"start":{"line":282,"column":0},"end":{"line":299,"column":1}},{"start":{},"end":{}}],"line":282},"10":{"loc":{"start":{"line":282,"column":4},"end":{"line":282,"column":51}},"type":"binary-expr","locations":[{"start":{"line":282,"column":4},"end":{"line":282,"column":33}},{"start":{"line":282,"column":37},"end":{"line":282,"column":51}}],"line":282}},"s":{"0":1,"1":1,"2":1,"3":1,"4":1,"5":1,"6":1,"7":1,"8":1,"9":1,"10":4,"11":4,"12":4,"13":4,"14":2,"15":2,"16":2,"17":2,"18":2,"19":2,"20":2,"21":2,"22":2,"23":2,"24":2,"25":2,"26":2,"27":2,"28":2,"29":2,"30":2,"31":2,"32":2,"33":2,"34":0,"35":2,"36":3,"37":3,"38":3,"39":3,"40":1,"41":2,"42":2,"43":2,"44":2,"45":2,"46":1,"47":1,"48":1,"49":1,"50":1,"51":1,"52":1,"53":1,"54":1,"55":1,"56":1,"57":2,"58":1385,"59":113,"60":10,"61":10,"62":10,"63":160,"64":10,"65":10,"66":10,"67":10,"68":10,"69":170,"70":10,"71":10,"72":10,"73":10,"74":10,"75":10,"76":10,"77":540,"78":540,"79":540,"80":540,"81":10,"82":19,"83":19,"84":19,"85":19,"86":152,"87":152,"88":19,"89":7,"90":7,"91":56,"92":56,"93":7,"94":6,"95":6,"96":6,"97":6,"98":15,"99":15,"100":15,"101":15,"102":60,"103":15,"104":15,"105":15,"106":15,"107":6,"108":2,"109":2,"110":2,"111":2,"112":5,"113":5,"114":5,"115":5,"116":5,"117":20,"118":5,"119":2,"120":7,"121":7,"122":7,"123":7,"124":7,"125":3,"126":3,"127":1,"128":2,"129":12,"130":12,"131":12,"132":163,"133":12,"134":2,"135":1,"136":1,"137":1,"138":1,"139":1,"140":1,"141":1,"142":11,"143":11,"144":11,"145":11,"146":11,"147":1,"148":1},"f":{"0":4,"1":2,"2":3,"3":2,"4":1385,"5":113,"6":10,"7":19,"8":7,"9":6,"10":2,"11":7,"12":3,"13":12,"14":2,"15":11},"b":{"0":[2,2],"1":[4,3],"2":[1,2],"3":[3,2],"4":[1,1],"5":[1,2],"6":[3,3],"7":[1,1],"8":[1,0],"9":[1,0],"10":[1,1]},"_coverageSchema":"1a1c01bbd47fc00a2c39e90264f33305004495a9","hash":"b068edc0c40ddc8c6fd59a9a69ce7882be13f37a"}
}
