{"C:\\Users\\Соломія\\Desktop\\labs\\lab3\\lab3.js": {"path":"C:\\Users\\Соломія\\Desktop\\labs\\lab3\\lab3.js","statementMap":{"0":{"start":{"line":1,"column":26},"end":{"line":1,"column":42}},"1":{"start":{"line":3,"column":23},"end":{"line":3,"column":27}},"2":{"start":{"line":4,"column":15},"end":{"line":4,"column":17}},"3":{"start":{"line":6,"column":10},"end":{"line":6,"column":12}},"4":{"start":{"line":7,"column":10},"end":{"line":7,"column":11}},"5":{"start":{"line":8,"column":10},"end":{"line":8,"column":12}},"6":{"start":{"line":9,"column":12},"end":{"line":9,"column":17}},"7":{"start":{"line":10,"column":13},"end":{"line":10,"column":18}},"8":{"start":{"line":11,"column":10},"end":{"line":11,"column":16}},"9":{"start":{"line":12,"column":10},"end":{"line":12,"column":16}},"10":{"start":{"line":15,"column":21},"end":{"line":15,"column":74}},"11":{"start":{"line":16,"column":17},"end":{"line":16,"column":62}},"12":{"start":{"line":17,"column":19},"end":{"line":17,"column":52}},"13":{"start":{"line":19,"column":4},"end":{"line":22,"column":5}},"14":{"start":{"line":20,"column":8},"end":{"line":20,"column":67}},"15":{"start":{"line":21,"column":8},"end":{"line":21,"column":15}},"16":{"start":{"line":24,"column":4},"end":{"line":57,"column":5}},"17":{"start":{"line":25,"column":23},"end":{"line":25,"column":47}},"18":{"start":{"line":26,"column":26},"end":{"line":26,"column":48}},"19":{"start":{"line":28,"column":25},"end":{"line":28,"column":66}},"20":{"start":{"line":29,"column":18},"end":{"line":29,"column":37}},"21":{"start":{"line":31,"column":22},"end":{"line":31,"column":39}},"22":{"start":{"line":32,"column":8},"end":{"line":32,"column":49}},"23":{"start":{"line":34,"column":33},"end":{"line":38,"column":9}},"24":{"start":{"line":40,"column":33},"end":{"line":43,"column":10}},"25":{"start":{"line":45,"column":28},"end":{"line":45,"column":52}},"26":{"start":{"line":46,"column":30},"end":{"line":46,"column":63}},"27":{"start":{"line":48,"column":27},"end":{"line":48,"column":89}},"28":{"start":{"line":49,"column":8},"end":{"line":49,"column":44}},"29":{"start":{"line":50,"column":8},"end":{"line":50,"column":63}},"30":{"start":{"line":52,"column":8},"end":{"line":52,"column":111}},"31":{"start":{"line":53,"column":8},"end":{"line":53,"column":38}},"32":{"start":{"line":54,"column":8},"end":{"line":54,"column":29}},"33":{"start":{"line":56,"column":8},"end":{"line":56,"column":47}},"34":{"start":{"line":61,"column":21},"end":{"line":61,"column":74}},"35":{"start":{"line":62,"column":17},"end":{"line":62,"column":62}},"36":{"start":{"line":63,"column":19},"end":{"line":63,"column":52}},"37":{"start":{"line":65,"column":4},"end":{"line":67,"column":5}},"38":{"start":{"line":66,"column":8},"end":{"line":66,"column":15}},"39":{"start":{"line":69,"column":4},"end":{"line":99,"column":5}},"40":{"start":{"line":70,"column":23},"end":{"line":70,"column":47}},"41":{"start":{"line":71,"column":26},"end":{"line":71,"column":48}},"42":{"start":{"line":73,"column":8},"end":{"line":75,"column":9}},"43":{"start":{"line":74,"column":12},"end":{"line":74,"column":51}},"44":{"start":{"line":77,"column":18},"end":{"line":77,"column":70}},"45":{"start":{"line":79,"column":33},"end":{"line":83,"column":9}},"46":{"start":{"line":85,"column":22},"end":{"line":88,"column":10}},"47":{"start":{"line":90,"column":30},"end":{"line":90,"column":48}},"48":{"start":{"line":91,"column":32},"end":{"line":91,"column":67}},"49":{"start":{"line":92,"column":27},"end":{"line":92,"column":57}},"50":{"start":{"line":94,"column":8},"end":{"line":94,"column":88}},"51":{"start":{"line":95,"column":8},"end":{"line":95,"column":38}},"52":{"start":{"line":96,"column":8},"end":{"line":96,"column":29}},"53":{"start":{"line":98,"column":8},"end":{"line":98,"column":47}},"54":{"start":{"line":103,"column":4},"end":{"line":103,"column":59}},"55":{"start":{"line":107,"column":4},"end":{"line":107,"column":59}},"56":{"start":{"line":111,"column":14},"end":{"line":111,"column":38}},"57":{"start":{"line":113,"column":4},"end":{"line":115,"column":5}},"58":{"start":{"line":113,"column":17},"end":{"line":113,"column":18}},"59":{"start":{"line":114,"column":8},"end":{"line":114,"column":56}},"60":{"start":{"line":117,"column":14},"end":{"line":117,"column":25}},"61":{"start":{"line":118,"column":14},"end":{"line":118,"column":26}},"62":{"start":{"line":120,"column":4},"end":{"line":120,"column":13}},"63":{"start":{"line":121,"column":4},"end":{"line":123,"column":5}},"64":{"start":{"line":121,"column":17},"end":{"line":121,"column":18}},"65":{"start":{"line":122,"column":8},"end":{"line":122,"column":37}},"66":{"start":{"line":125,"column":12},"end":{"line":125,"column":13}},"67":{"start":{"line":126,"column":13},"end":{"line":126,"column":14}},"68":{"start":{"line":127,"column":12},"end":{"line":127,"column":13}},"69":{"start":{"line":128,"column":12},"end":{"line":128,"column":13}},"70":{"start":{"line":129,"column":14},"end":{"line":129,"column":39}},"71":{"start":{"line":131,"column":4},"end":{"line":136,"column":5}},"72":{"start":{"line":131,"column":17},"end":{"line":131,"column":18}},"73":{"start":{"line":132,"column":8},"end":{"line":132,"column":51}},"74":{"start":{"line":133,"column":8},"end":{"line":133,"column":57}},"75":{"start":{"line":134,"column":8},"end":{"line":134,"column":24}},"76":{"start":{"line":135,"column":8},"end":{"line":135,"column":31}},"77":{"start":{"line":138,"column":4},"end":{"line":138,"column":13}},"78":{"start":{"line":142,"column":4},"end":{"line":142,"column":26}},"79":{"start":{"line":143,"column":4},"end":{"line":143,"column":28}},"80":{"start":{"line":145,"column":4},"end":{"line":148,"column":5}},"81":{"start":{"line":145,"column":17},"end":{"line":145,"column":18}},"82":{"start":{"line":146,"column":8},"end":{"line":146,"column":49}},"83":{"start":{"line":147,"column":8},"end":{"line":147,"column":53}},"84":{"start":{"line":150,"column":4},"end":{"line":150,"column":19}},"85":{"start":{"line":154,"column":4},"end":{"line":157,"column":5}},"86":{"start":{"line":154,"column":17},"end":{"line":154,"column":18}},"87":{"start":{"line":155,"column":8},"end":{"line":155,"column":68}},"88":{"start":{"line":156,"column":8},"end":{"line":156,"column":64}},"89":{"start":{"line":159,"column":4},"end":{"line":162,"column":6}},"90":{"start":{"line":166,"column":16},"end":{"line":166,"column":44}},"91":{"start":{"line":167,"column":15},"end":{"line":167,"column":17}},"92":{"start":{"line":169,"column":4},"end":{"line":190,"column":5}},"93":{"start":{"line":169,"column":17},"end":{"line":169,"column":18}},"94":{"start":{"line":170,"column":22},"end":{"line":170,"column":43}},"95":{"start":{"line":171,"column":22},"end":{"line":171,"column":39}},"96":{"start":{"line":173,"column":8},"end":{"line":175,"column":9}},"97":{"start":{"line":173,"column":21},"end":{"line":173,"column":22}},"98":{"start":{"line":174,"column":12},"end":{"line":174,"column":42}},"99":{"start":{"line":177,"column":29},"end":{"line":181,"column":9}},"100":{"start":{"line":183,"column":26},"end":{"line":186,"column":10}},"101":{"start":{"line":188,"column":8},"end":{"line":188,"column":30}},"102":{"start":{"line":189,"column":8},"end":{"line":189,"column":25}},"103":{"start":{"line":192,"column":4},"end":{"line":192,"column":15}},"104":{"start":{"line":196,"column":16},"end":{"line":196,"column":44}},"105":{"start":{"line":197,"column":15},"end":{"line":197,"column":17}},"106":{"start":{"line":199,"column":4},"end":{"line":218,"column":5}},"107":{"start":{"line":199,"column":17},"end":{"line":199,"column":18}},"108":{"start":{"line":200,"column":21},"end":{"line":200,"column":42}},"109":{"start":{"line":202,"column":29},"end":{"line":206,"column":9}},"110":{"start":{"line":208,"column":26},"end":{"line":211,"column":10}},"111":{"start":{"line":213,"column":8},"end":{"line":215,"column":9}},"112":{"start":{"line":213,"column":21},"end":{"line":213,"column":22}},"113":{"start":{"line":214,"column":12},"end":{"line":214,"column":48}},"114":{"start":{"line":217,"column":8},"end":{"line":217,"column":20}},"115":{"start":{"line":220,"column":4},"end":{"line":220,"column":15}},"116":{"start":{"line":224,"column":16},"end":{"line":224,"column":43}},"117":{"start":{"line":225,"column":16},"end":{"line":225,"column":49}},"118":{"start":{"line":226,"column":4},"end":{"line":226,"column":18}},"119":{"start":{"line":227,"column":4},"end":{"line":227,"column":31}},"120":{"start":{"line":228,"column":4},"end":{"line":228,"column":15}},"121":{"start":{"line":232,"column":16},"end":{"line":232,"column":37}},"122":{"start":{"line":234,"column":4},"end":{"line":236,"column":5}},"123":{"start":{"line":235,"column":8},"end":{"line":235,"column":20}},"124":{"start":{"line":238,"column":4},"end":{"line":238,"column":44}},"125":{"start":{"line":242,"column":19},"end":{"line":242,"column":21}},"126":{"start":{"line":244,"column":4},"end":{"line":245,"column":60}},"127":{"start":{"line":244,"column":17},"end":{"line":244,"column":18}},"128":{"start":{"line":245,"column":4},"end":{"line":245,"column":55}},"129":{"start":{"line":247,"column":4},"end":{"line":247,"column":18}},"130":{"start":{"line":251,"column":4},"end":{"line":254,"column":5}},"131":{"start":{"line":252,"column":8},"end":{"line":252,"column":29}},"132":{"start":{"line":253,"column":8},"end":{"line":253,"column":15}},"133":{"start":{"line":256,"column":17},"end":{"line":256,"column":83}},"134":{"start":{"line":257,"column":14},"end":{"line":257,"column":41}},"135":{"start":{"line":259,"column":4},"end":{"line":259,"column":39}},"136":{"start":{"line":260,"column":4},"end":{"line":260,"column":76}},"137":{"start":{"line":261,"column":4},"end":{"line":261,"column":14}},"138":{"start":{"line":265,"column":4},"end":{"line":265,"column":56}},"139":{"start":{"line":266,"column":4},"end":{"line":266,"column":52}},"140":{"start":{"line":267,"column":4},"end":{"line":267,"column":49}},"141":{"start":{"line":268,"column":4},"end":{"line":268,"column":28}},"142":{"start":{"line":269,"column":4},"end":{"line":269,"column":18}},"143":{"start":{"line":272,"column":0},"end":{"line":289,"column":1}},"144":{"start":{"line":273,"column":4},"end":{"line":288,"column":6}}},"fnMap":{"0":{"name":"encryptFile","decl":{"start":{"line":14,"column":15},"end":{"line":14,"column":26}},"loc":{"start":{"line":14,"column":29},"end":{"line":58,"column":1}},"line":14},"1":{"name":"decryptFile","decl":{"start":{"line":60,"column":15},"end":{"line":60,"column":26}},"loc":{"start":{"line":60,"column":29},"end":{"line":100,"column":1}},"line":60},"2":{"name":"rotl","decl":{"start":{"line":102,"column":9},"end":{"line":102,"column":13}},"loc":{"start":{"line":102,"column":20},"end":{"line":104,"column":1}},"line":102},"3":{"name":"rotr","decl":{"start":{"line":106,"column":9},"end":{"line":106,"column":13}},"loc":{"start":{"line":106,"column":20},"end":{"line":108,"column":1}},"line":106},"4":{"name":"generateS","decl":{"start":{"line":110,"column":9},"end":{"line":110,"column":18}},"loc":{"start":{"line":110,"column":22},"end":{"line":139,"column":1}},"line":110},"5":{"name":"encryptBlock","decl":{"start":{"line":141,"column":9},"end":{"line":141,"column":21}},"loc":{"start":{"line":141,"column":32},"end":{"line":151,"column":1}},"line":141},"6":{"name":"decryptBlock","decl":{"start":{"line":153,"column":9},"end":{"line":153,"column":21}},"loc":{"start":{"line":153,"column":32},"end":{"line":163,"column":1}},"line":153},"7":{"name":"encryptCBC","decl":{"start":{"line":165,"column":9},"end":{"line":165,"column":19}},"loc":{"start":{"line":165,"column":34},"end":{"line":193,"column":1}},"line":165},"8":{"name":"decryptCBC","decl":{"start":{"line":195,"column":9},"end":{"line":195,"column":19}},"loc":{"start":{"line":195,"column":34},"end":{"line":221,"column":1}},"line":195},"9":{"name":"addPadding","decl":{"start":{"line":223,"column":9},"end":{"line":223,"column":19}},"loc":{"start":{"line":223,"column":32},"end":{"line":229,"column":1}},"line":223},"10":{"name":"removePadding","decl":{"start":{"line":231,"column":9},"end":{"line":231,"column":22}},"loc":{"start":{"line":231,"column":29},"end":{"line":239,"column":1}},"line":231},"11":{"name":"hexStringToBytes","decl":{"start":{"line":241,"column":9},"end":{"line":241,"column":25}},"loc":{"start":{"line":241,"column":31},"end":{"line":248,"column":1}},"line":241},"12":{"name":"saveResult","decl":{"start":{"line":250,"column":9},"end":{"line":250,"column":19}},"loc":{"start":{"line":250,"column":22},"end":{"line":262,"column":1}},"line":250},"13":{"name":"clearAll","decl":{"start":{"line":264,"column":9},"end":{"line":264,"column":17}},"loc":{"start":{"line":264,"column":20},"end":{"line":270,"column":1}},"line":264}},"branchMap":{"0":{"loc":{"start":{"line":19,"column":4},"end":{"line":22,"column":5}},"type":"if","locations":[{"start":{"line":19,"column":4},"end":{"line":22,"column":5}},{"start":{},"end":{}}],"line":19},"1":{"loc":{"start":{"line":19,"column":8},"end":{"line":19,"column":26}},"type":"binary-expr","locations":[{"start":{"line":19,"column":8},"end":{"line":19,"column":17}},{"start":{"line":19,"column":21},"end":{"line":19,"column":26}}],"line":19},"2":{"loc":{"start":{"line":65,"column":4},"end":{"line":67,"column":5}},"type":"if","locations":[{"start":{"line":65,"column":4},"end":{"line":67,"column":5}},{"start":{},"end":{}}],"line":65},"3":{"loc":{"start":{"line":65,"column":8},"end":{"line":65,"column":26}},"type":"binary-expr","locations":[{"start":{"line":65,"column":8},"end":{"line":65,"column":17}},{"start":{"line":65,"column":21},"end":{"line":65,"column":26}}],"line":65},"4":{"loc":{"start":{"line":73,"column":8},"end":{"line":75,"column":9}},"type":"if","locations":[{"start":{"line":73,"column":8},"end":{"line":75,"column":9}},{"start":{},"end":{}}],"line":73},"5":{"loc":{"start":{"line":234,"column":4},"end":{"line":236,"column":5}},"type":"if","locations":[{"start":{"line":234,"column":4},"end":{"line":236,"column":5}},{"start":{},"end":{}}],"line":234},"6":{"loc":{"start":{"line":234,"column":8},"end":{"line":234,"column":26}},"type":"binary-expr","locations":[{"start":{"line":234,"column":8},"end":{"line":234,"column":15}},{"start":{"line":234,"column":19},"end":{"line":234,"column":26}}],"line":234},"7":{"loc":{"start":{"line":251,"column":4},"end":{"line":254,"column":5}},"type":"if","locations":[{"start":{"line":251,"column":4},"end":{"line":254,"column":5}},{"start":{},"end":{}}],"line":251},"8":{"loc":{"start":{"line":260,"column":17},"end":{"line":260,"column":75}},"type":"cond-expr","locations":[{"start":{"line":260,"column":42},"end":{"line":260,"column":57}},{"start":{"line":260,"column":60},"end":{"line":260,"column":75}}],"line":260},"9":{"loc":{"start":{"line":272,"column":0},"end":{"line":289,"column":1}},"type":"if","locations":[{"start":{"line":272,"column":0},"end":{"line":289,"column":1}},{"start":{},"end":{}}],"line":272},"10":{"loc":{"start":{"line":272,"column":4},"end":{"line":272,"column":51}},"type":"binary-expr","locations":[{"start":{"line":272,"column":4},"end":{"line":272,"column":33}},{"start":{"line":272,"column":37},"end":{"line":272,"column":51}}],"line":272}},"s":{"0":1,"1":1,"2":1,"3":1,"4":1,"5":1,"6":1,"7":1,"8":1,"9":1,"10":4,"11":4,"12":4,"13":4,"14":2,"15":2,"16":2,"17":2,"18":0,"19":0,"20":0,"21":0,"22":0,"23":0,"24":0,"25":0,"26":0,"27":0,"28":0,"29":0,"30":0,"31":0,"32":0,"33":2,"34":3,"35":3,"36":3,"37":3,"38":1,"39":2,"40":2,"41":0,"42":0,"43":0,"44":0,"45":0,"46":0,"47":0,"48":0,"49":0,"50":0,"51":0,"52":0,"53":2,"54":933,"55":65,"56":7,"57":7,"58":7,"59":112,"60":7,"61":7,"62":7,"63":7,"64":7,"65":119,"66":7,"67":7,"68":7,"69":7,"70":7,"71":7,"72":7,"73":378,"74":378,"75":378,"76":378,"77":7,"78":11,"79":11,"80":11,"81":11,"82":88,"83":88,"84":11,"85":4,"86":4,"87":32,"88":32,"89":4,"90":4,"91":4,"92":4,"93":4,"94":9,"95":9,"96":9,"97":9,"98":36,"99":9,"100":9,"101":9,"102":9,"103":4,"104":1,"105":1,"106":1,"107":1,"108":3,"109":3,"110":3,"111":3,"112":3,"113":12,"114":3,"115":1,"116":5,"117":5,"118":5,"119":5,"120":5,"121":2,"122":2,"123":1,"124":1,"125":9,"126":9,"127":9,"128":115,"129":9,"130":2,"131":2,"132":2,"133":0,"134":0,"135":0,"136":0,"137":0,"138":11,"139":11,"140":11,"141":11,"142":11,"143":1,"144":1},"f":{"0":4,"1":3,"2":933,"3":65,"4":7,"5":11,"6":4,"7":4,"8":1,"9":5,"10":2,"11":9,"12":2,"13":11},"b":{"0":[2,2],"1":[4,3],"2":[1,2],"3":[3,2],"4":[0,0],"5":[1,1],"6":[2,2],"7":[2,0],"8":[0,0],"9":[1,0],"10":[1,1]},"_coverageSchema":"1a1c01bbd47fc00a2c39e90264f33305004495a9","hash":"2e0bd15247ee51d9e6dce06ec8596796efa165c6"}
}
