TN:
SF:lab3.js
FN:14,encryptFile
FN:60,decryptFile
FN:102,rotl
FN:106,rotr
FN:110,generateS
FN:141,encryptBlock
FN:153,decryptBlock
FN:165,encryptCBC
FN:195,decryptCBC
FN:223,addPadding
FN:231,removePadding
FN:241,hexStringToBytes
FN:250,saveResult
FN:264,clearAll
FNF:14
FNH:14
FNDA:4,encryptFile
FNDA:3,decryptFile
FNDA:933,rotl
FNDA:65,rotr
FNDA:7,generateS
FNDA:11,encryptBlock
FNDA:4,decryptBlock
FNDA:4,encryptCBC
FNDA:1,decryptCBC
FNDA:5,addPadding
FNDA:2,removePadding
FNDA:9,hexStringToBytes
FNDA:2,saveResult
FNDA:11,clearAll
DA:1,1
DA:3,1
DA:4,1
DA:6,1
DA:7,1
DA:8,1
DA:9,1
DA:10,1
DA:11,1
DA:12,1
DA:15,4
DA:16,4
DA:17,4
DA:19,4
DA:20,2
DA:21,2
DA:24,2
DA:25,2
DA:26,0
DA:28,0
DA:29,0
DA:31,0
DA:32,0
DA:34,0
DA:40,0
DA:45,0
DA:46,0
DA:48,0
DA:49,0
DA:50,0
DA:52,0
DA:53,0
DA:54,0
DA:56,2
DA:61,3
DA:62,3
DA:63,3
DA:65,3
DA:66,1
DA:69,2
DA:70,2
DA:71,0
DA:73,0
DA:74,0
DA:77,0
DA:79,0
DA:85,0
DA:90,0
DA:91,0
DA:92,0
DA:94,0
DA:95,0
DA:96,0
DA:98,2
DA:103,933
DA:107,65
DA:111,7
DA:113,7
DA:114,112
DA:117,7
DA:118,7
DA:120,7
DA:121,7
DA:122,119
DA:125,7
DA:126,7
DA:127,7
DA:128,7
DA:129,7
DA:131,7
DA:132,378
DA:133,378
DA:134,378
DA:135,378
DA:138,7
DA:142,11
DA:143,11
DA:145,11
DA:146,88
DA:147,88
DA:150,11
DA:154,4
DA:155,32
DA:156,32
DA:159,4
DA:166,4
DA:167,4
DA:169,4
DA:170,9
DA:171,9
DA:173,9
DA:174,36
DA:177,9
DA:183,9
DA:188,9
DA:189,9
DA:192,4
DA:196,1
DA:197,1
DA:199,1
DA:200,3
DA:202,3
DA:208,3
DA:213,3
DA:214,12
DA:217,3
DA:220,1
DA:224,5
DA:225,5
DA:226,5
DA:227,5
DA:228,5
DA:232,2
DA:234,2
DA:235,1
DA:238,1
DA:242,9
DA:244,9
DA:245,115
DA:247,9
DA:251,2
DA:252,2
DA:253,2
DA:256,0
DA:257,0
DA:259,0
DA:260,0
DA:261,0
DA:265,11
DA:266,11
DA:267,11
DA:268,11
DA:269,11
DA:272,1
DA:273,1
LF:135
LH:103
BRDA:19,0,0,2
BRDA:19,0,1,2
BRDA:19,1,0,4
BRDA:19,1,1,3
BRDA:65,2,0,1
BRDA:65,2,1,2
BRDA:65,3,0,3
BRDA:65,3,1,2
BRDA:73,4,0,0
BRDA:73,4,1,0
BRDA:234,5,0,1
BRDA:234,5,1,1
BRDA:234,6,0,2
BRDA:234,6,1,2
BRDA:251,7,0,2
BRDA:251,7,1,0
BRDA:260,8,0,0
BRDA:260,8,1,0
BRDA:272,9,0,1
BRDA:272,9,1,0
BRDA:272,10,0,1
BRDA:272,10,1,1
BRF:22
BRH:16
end_of_record
