TN:
SF:lab3.js
FN:14,encryptFile
FN:26,(anonymous_1)
FN:64,decryptFile
FN:75,(anonymous_3)
FN:111,rotl
FN:115,rotr
FN:119,generateS
FN:150,encryptBlock
FN:162,decryptBlock
FN:174,encryptCBC
FN:204,decryptCBC
FN:232,addPadding
FN:240,removePadding
FN:250,hexStringToBytes
FN:260,saveResult
FN:274,clearAll
FNF:16
FNH:16
FNDA:4,encryptFile
FNDA:2,(anonymous_1)
FNDA:3,decryptFile
FNDA:2,(anonymous_3)
FNDA:1385,rotl
FNDA:113,rotr
FNDA:10,generateS
FNDA:19,encryptBlock
FNDA:7,decryptBlock
FNDA:6,encryptCBC
FNDA:2,decryptCBC
FNDA:7,addPadding
FNDA:3,removePadding
FNDA:12,hexStringToBytes
FNDA:2,saveResult
FNDA:11,clearAll
DA:1,1
DA:3,1
DA:4,1
DA:6,1
DA:7,1
DA:8,1
DA:9,1
DA:10,1
DA:11,1
DA:12,1
DA:15,4
DA:16,4
DA:17,4
DA:19,4
DA:20,2
DA:21,2
DA:24,2
DA:26,2
DA:27,2
DA:28,2
DA:29,2
DA:30,2
DA:32,2
DA:33,2
DA:35,2
DA:41,2
DA:46,2
DA:47,2
DA:49,2
DA:50,2
DA:51,2
DA:53,2
DA:54,2
DA:55,2
DA:57,0
DA:61,2
DA:65,3
DA:66,3
DA:67,3
DA:69,3
DA:70,1
DA:73,2
DA:75,2
DA:76,2
DA:77,2
DA:79,2
DA:80,1
DA:83,1
DA:85,1
DA:91,1
DA:96,1
DA:97,1
DA:98,1
DA:100,1
DA:101,1
DA:102,1
DA:104,1
DA:108,2
DA:112,1385
DA:116,113
DA:120,10
DA:122,10
DA:123,160
DA:126,10
DA:127,10
DA:129,10
DA:130,10
DA:131,170
DA:134,10
DA:135,10
DA:136,10
DA:137,10
DA:138,10
DA:140,10
DA:141,540
DA:142,540
DA:143,540
DA:144,540
DA:147,10
DA:151,19
DA:152,19
DA:154,19
DA:155,152
DA:156,152
DA:159,19
DA:163,7
DA:164,56
DA:165,56
DA:168,7
DA:175,6
DA:176,6
DA:178,6
DA:179,15
DA:180,15
DA:182,15
DA:183,60
DA:186,15
DA:192,15
DA:197,15
DA:198,15
DA:201,6
DA:205,2
DA:206,2
DA:208,2
DA:209,5
DA:211,5
DA:217,5
DA:222,5
DA:223,20
DA:226,5
DA:229,2
DA:233,7
DA:234,7
DA:235,7
DA:236,7
DA:237,7
DA:241,3
DA:243,3
DA:244,1
DA:247,2
DA:251,12
DA:253,12
DA:254,163
DA:257,12
DA:261,2
DA:262,1
DA:263,1
DA:266,1
DA:267,1
DA:269,1
DA:270,1
DA:271,1
DA:275,11
DA:276,11
DA:277,11
DA:278,11
DA:279,11
DA:282,1
DA:283,1
LF:139
LH:138
BRDA:19,0,0,2
BRDA:19,0,1,2
BRDA:19,1,0,4
BRDA:19,1,1,3
BRDA:69,2,0,1
BRDA:69,2,1,2
BRDA:69,3,0,3
BRDA:69,3,1,2
BRDA:79,4,0,1
BRDA:79,4,1,1
BRDA:243,5,0,1
BRDA:243,5,1,2
BRDA:243,6,0,3
BRDA:243,6,1,3
BRDA:261,7,0,1
BRDA:261,7,1,1
BRDA:270,8,0,1
BRDA:270,8,1,0
BRDA:282,9,0,1
BRDA:282,9,1,0
BRDA:282,10,0,1
BRDA:282,10,1,1
BRF:22
BRH:20
end_of_record
