<?xml version="1.0" encoding="UTF-8"?>
<coverage generated="1776892057225" clover="3.2.0">
  <project timestamp="1776892057225" name="All files">
    <metrics statements="224" coveredstatements="217" conditionals="35" coveredconditionals="30" methods="25" coveredmethods="25" elements="284" coveredelements="272" complexity="0" loc="224" ncloc="224" packages="1" files="1" classes="1"/>
    <file name="lab4.js" path="C:\Users\Соломія\Desktop\labs\lab4\lab4.js">
      <metrics statements="224" coveredstatements="217" conditionals="35" coveredconditionals="30" methods="25" coveredmethods="25"/>
      <line num="1" count="1" type="stmt"/>
      <line num="5" count="8" type="stmt"/>
      <line num="18" count="8" type="stmt"/>
      <line num="26" count="4" type="stmt"/>
      <line num="34" count="7" type="stmt"/>
      <line num="35" count="7" type="stmt"/>
      <line num="37" count="7" type="stmt"/>
      <line num="38" count="8" type="stmt"/>
      <line num="39" count="8" type="stmt"/>
      <line num="40" count="8" type="stmt"/>
      <line num="43" count="7" type="stmt"/>
      <line num="44" count="7" type="stmt"/>
      <line num="46" count="7" type="stmt"/>
      <line num="47" count="8" type="stmt"/>
      <line num="48" count="8" type="stmt"/>
      <line num="51" count="7" type="stmt"/>
      <line num="55" count="4" type="stmt"/>
      <line num="56" count="4" type="stmt"/>
      <line num="58" count="4" type="stmt"/>
      <line num="59" count="4" type="stmt"/>
      <line num="60" count="4" type="stmt"/>
      <line num="61" count="4" type="stmt"/>
      <line num="64" count="4" type="stmt"/>
      <line num="65" count="4" type="stmt"/>
      <line num="66" count="4" type="stmt"/>
      <line num="69" count="4" type="stmt"/>
      <line num="70" count="4" type="stmt"/>
      <line num="72" count="4" type="stmt"/>
      <line num="73" count="4" type="stmt"/>
      <line num="74" count="4" type="stmt"/>
      <line num="77" count="4" type="stmt"/>
      <line num="82" count="1" type="stmt"/>
      <line num="83" count="1" type="stmt"/>
      <line num="84" count="1" type="stmt"/>
      <line num="85" count="1" type="stmt"/>
      <line num="86" count="1" type="stmt"/>
      <line num="87" count="1" type="stmt"/>
      <line num="88" count="1" type="stmt"/>
      <line num="91" count="3175" type="stmt"/>
      <line num="95" count="435" type="stmt"/>
      <line num="99" count="26" type="stmt"/>
      <line num="100" count="26" type="stmt"/>
      <line num="101" count="26" type="stmt"/>
      <line num="103" count="26" type="stmt"/>
      <line num="104" count="416" type="cond" truecount="2" falsecount="0"/>
      <line num="107" count="26" type="stmt"/>
      <line num="111" count="23" type="stmt"/>
      <line num="113" count="23" type="stmt"/>
      <line num="114" count="368" type="stmt"/>
      <line num="117" count="23" type="stmt"/>
      <line num="118" count="23" type="stmt"/>
      <line num="119" count="23" type="stmt"/>
      <line num="121" count="23" type="stmt"/>
      <line num="122" count="391" type="stmt"/>
      <line num="125" count="23" type="stmt"/>
      <line num="126" count="23" type="stmt"/>
      <line num="127" count="23" type="stmt"/>
      <line num="128" count="23" type="stmt"/>
      <line num="129" count="23" type="stmt"/>
      <line num="131" count="23" type="stmt"/>
      <line num="132" count="1242" type="stmt"/>
      <line num="133" count="1242" type="stmt"/>
      <line num="134" count="1242" type="stmt"/>
      <line num="135" count="1242" type="stmt"/>
      <line num="138" count="23" type="stmt"/>
      <line num="142" count="43" type="stmt"/>
      <line num="143" count="43" type="stmt"/>
      <line num="145" count="43" type="stmt"/>
      <line num="146" count="344" type="stmt"/>
      <line num="147" count="344" type="stmt"/>
      <line num="150" count="43" type="stmt"/>
      <line num="154" count="27" type="stmt"/>
      <line num="155" count="216" type="stmt"/>
      <line num="156" count="216" type="stmt"/>
      <line num="159" count="27" type="stmt"/>
      <line num="160" count="27" type="stmt"/>
      <line num="162" count="27" type="stmt"/>
      <line num="166" count="11" type="stmt"/>
      <line num="167" count="11" type="cond" truecount="1" falsecount="1"/>
      <line num="169" count="11" type="stmt"/>
      <line num="170" count="11" type="stmt"/>
      <line num="171" count="11" type="stmt"/>
      <line num="173" count="11" type="stmt"/>
      <line num="177" count="8" type="stmt"/>
      <line num="178" count="8" type="cond" truecount="4" falsecount="0"/>
      <line num="179" count="5" type="stmt"/>
      <line num="183" count="13" type="stmt"/>
      <line num="184" count="13" type="stmt"/>
      <line num="186" count="13" type="stmt"/>
      <line num="187" count="32" type="stmt"/>
      <line num="188" count="32" type="stmt"/>
      <line num="190" count="32" type="stmt"/>
      <line num="191" count="128" type="stmt"/>
      <line num="194" count="32" type="stmt"/>
      <line num="200" count="32" type="stmt"/>
      <line num="207" count="32" type="stmt"/>
      <line num="208" count="32" type="stmt"/>
      <line num="211" count="13" type="stmt"/>
      <line num="215" count="7" type="stmt"/>
      <line num="216" count="7" type="stmt"/>
      <line num="218" count="7" type="stmt"/>
      <line num="219" count="20" type="stmt"/>
      <line num="221" count="20" type="stmt"/>
      <line num="227" count="20" type="stmt"/>
      <line num="234" count="20" type="stmt"/>
      <line num="235" count="80" type="stmt"/>
      <line num="238" count="20" type="stmt"/>
      <line num="241" count="7" type="stmt"/>
      <line num="245" count="8" type="stmt"/>
      <line num="246" count="8" type="stmt"/>
      <line num="248" count="8" type="stmt"/>
      <line num="249" count="8" type="stmt"/>
      <line num="251" count="8" type="stmt"/>
      <line num="257" count="8" type="stmt"/>
      <line num="264" count="8" type="stmt"/>
      <line num="265" count="8" type="stmt"/>
      <line num="267" count="8" type="stmt"/>
      <line num="268" count="8" type="stmt"/>
      <line num="269" count="8" type="stmt"/>
      <line num="271" count="8" type="stmt"/>
      <line num="275" count="5" type="cond" truecount="2" falsecount="0"/>
      <line num="276" count="1" type="stmt"/>
      <line num="279" count="4" type="stmt"/>
      <line num="280" count="4" type="stmt"/>
      <line num="282" count="4" type="stmt"/>
      <line num="288" count="4" type="stmt"/>
      <line num="295" count="4" type="stmt"/>
      <line num="296" count="4" type="stmt"/>
      <line num="298" count="4" type="stmt"/>
      <line num="303" count="2" type="stmt"/>
      <line num="304" count="2" type="stmt"/>
      <line num="306" count="2" type="cond" truecount="2" falsecount="0"/>
      <line num="307" count="1" type="stmt"/>
      <line num="308" count="1" type="stmt"/>
      <line num="311" count="1" type="stmt"/>
      <line num="312" count="1" type="stmt"/>
      <line num="314" count="1" type="stmt"/>
      <line num="315" count="1" type="stmt"/>
      <line num="317" count="1" type="stmt"/>
      <line num="318" count="1" type="stmt"/>
      <line num="319" count="1" type="stmt"/>
      <line num="321" count="1" type="stmt"/>
      <line num="322" count="1" type="stmt"/>
      <line num="323" count="1" type="stmt"/>
      <line num="326" count="1" type="cond" truecount="2" falsecount="0"/>
      <line num="327" count="16" type="stmt"/>
      <line num="329" count="1" type="stmt"/>
      <line num="336" count="0" type="stmt"/>
      <line num="341" count="3" type="stmt"/>
      <line num="342" count="3" type="stmt"/>
      <line num="343" count="3" type="stmt"/>
      <line num="345" count="3" type="cond" truecount="4" falsecount="0"/>
      <line num="346" count="2" type="stmt"/>
      <line num="347" count="2" type="stmt"/>
      <line num="350" count="1" type="stmt"/>
      <line num="351" count="1" type="stmt"/>
      <line num="353" count="1" type="stmt"/>
      <line num="354" count="1" type="stmt"/>
      <line num="355" count="1" type="stmt"/>
      <line num="356" count="1" type="stmt"/>
      <line num="358" count="1" type="stmt"/>
      <line num="359" count="1" type="stmt"/>
      <line num="360" count="1" type="stmt"/>
      <line num="363" count="1" type="cond" truecount="2" falsecount="0"/>
      <line num="364" count="17" type="stmt"/>
      <line num="366" count="1" type="stmt"/>
      <line num="373" count="0" type="stmt"/>
      <line num="378" count="3" type="stmt"/>
      <line num="379" count="3" type="stmt"/>
      <line num="380" count="3" type="stmt"/>
      <line num="382" count="3" type="cond" truecount="4" falsecount="0"/>
      <line num="383" count="2" type="stmt"/>
      <line num="384" count="2" type="stmt"/>
      <line num="387" count="1" type="stmt"/>
      <line num="388" count="1" type="stmt"/>
      <line num="390" count="1" type="stmt"/>
      <line num="391" count="1" type="stmt"/>
      <line num="393" count="1" type="stmt"/>
      <line num="394" count="1" type="stmt"/>
      <line num="395" count="1" type="stmt"/>
      <line num="397" count="1" type="stmt"/>
      <line num="398" count="1" type="stmt"/>
      <line num="399" count="1" type="stmt"/>
      <line num="401" count="1" type="stmt"/>
      <line num="402" count="1" type="stmt"/>
      <line num="403" count="1" type="stmt"/>
      <line num="405" count="1" type="stmt"/>
      <line num="406" count="1" type="stmt"/>
      <line num="407" count="1" type="stmt"/>
      <line num="409" count="1" type="stmt"/>
      <line num="410" count="1" type="stmt"/>
      <line num="411" count="1" type="stmt"/>
      <line num="412" count="1" type="stmt"/>
      <line num="414" count="1" type="stmt"/>
      <line num="423" count="0" type="stmt"/>
      <line num="430" count="2" type="stmt"/>
      <line num="432" count="2" type="cond" truecount="1" falsecount="1"/>
      <line num="433" count="0" type="stmt"/>
      <line num="434" count="0" type="stmt"/>
      <line num="437" count="2" type="stmt"/>
      <line num="438" count="2" type="stmt"/>
      <line num="441" count="4" type="stmt"/>
      <line num="442" count="4" type="stmt"/>
      <line num="444" count="4" type="stmt"/>
      <line num="445" count="4" type="stmt"/>
      <line num="446" count="4" type="stmt"/>
      <line num="447" count="4" type="stmt"/>
      <line num="449" count="4" type="stmt"/>
      <line num="452" count="2" type="stmt"/>
      <line num="453" count="2" type="stmt"/>
      <line num="455" count="2" type="stmt"/>
      <line num="460" count="2" type="stmt"/>
      <line num="461" count="2" type="stmt"/>
      <line num="463" count="2" type="cond" truecount="2" falsecount="0"/>
      <line num="464" count="1" type="stmt"/>
      <line num="465" count="1" type="stmt"/>
      <line num="468" count="1" type="stmt"/>
      <line num="469" count="1" type="stmt"/>
      <line num="471" count="1" type="stmt"/>
      <line num="482" count="0" type="stmt"/>
      <line num="487" count="0" type="stmt"/>
      <line num="489" count="1" type="stmt"/>
      <line num="493" count="1" type="cond" truecount="3" falsecount="1"/>
      <line num="494" count="1" type="stmt"/>
    </file>
  </project>
</coverage>
