{"C:\\Users\\Соломія\\Desktop\\labs\\lab4\\lab4.js": {"path":"C:\\Users\\Соломія\\Desktop\\labs\\lab4\\lab4.js","statementMap":{"0":{"start":{"line":1,"column":17},"end":{"line":1,"column":21}},"1":{"start":{"line":5,"column":4},"end":{"line":14,"column":6}},"2":{"start":{"line":18,"column":4},"end":{"line":22,"column":6}},"3":{"start":{"line":26,"column":4},"end":{"line":30,"column":6}},"4":{"start":{"line":34,"column":22},"end":{"line":34,"column":25}},"5":{"start":{"line":35,"column":28},"end":{"line":35,"column":30}},"6":{"start":{"line":37,"column":4},"end":{"line":41,"column":5}},"7":{"start":{"line":37,"column":17},"end":{"line":37,"column":18}},"8":{"start":{"line":38,"column":22},"end":{"line":38,"column":55}},"9":{"start":{"line":39,"column":26},"end":{"line":39,"column":54}},"10":{"start":{"line":40,"column":8},"end":{"line":40,"column":56}},"11":{"start":{"line":43,"column":19},"end":{"line":43,"column":63}},"12":{"start":{"line":44,"column":17},"end":{"line":44,"column":18}},"13":{"start":{"line":46,"column":4},"end":{"line":49,"column":5}},"14":{"start":{"line":47,"column":8},"end":{"line":47,"column":34}},"15":{"start":{"line":48,"column":8},"end":{"line":48,"column":22}},"16":{"start":{"line":51,"column":4},"end":{"line":51,"column":18}},"17":{"start":{"line":55,"column":22},"end":{"line":55,"column":25}},"18":{"start":{"line":56,"column":28},"end":{"line":56,"column":30}},"19":{"start":{"line":58,"column":4},"end":{"line":62,"column":5}},"20":{"start":{"line":58,"column":17},"end":{"line":58,"column":18}},"21":{"start":{"line":59,"column":22},"end":{"line":59,"column":60}},"22":{"start":{"line":60,"column":26},"end":{"line":60,"column":54}},"23":{"start":{"line":61,"column":8},"end":{"line":61,"column":56}},"24":{"start":{"line":64,"column":22},"end":{"line":64,"column":23}},"25":{"start":{"line":65,"column":4},"end":{"line":67,"column":5}},"26":{"start":{"line":66,"column":8},"end":{"line":66,"column":36}},"27":{"start":{"line":69,"column":19},"end":{"line":69,"column":46}},"28":{"start":{"line":70,"column":17},"end":{"line":70,"column":18}},"29":{"start":{"line":72,"column":4},"end":{"line":75,"column":5}},"30":{"start":{"line":73,"column":8},"end":{"line":73,"column":34}},"31":{"start":{"line":74,"column":8},"end":{"line":74,"column":31}},"32":{"start":{"line":77,"column":4},"end":{"line":77,"column":18}},"33":{"start":{"line":82,"column":10},"end":{"line":82,"column":12}},"34":{"start":{"line":83,"column":10},"end":{"line":83,"column":11}},"35":{"start":{"line":84,"column":10},"end":{"line":84,"column":12}},"36":{"start":{"line":85,"column":12},"end":{"line":85,"column":17}},"37":{"start":{"line":86,"column":13},"end":{"line":86,"column":18}},"38":{"start":{"line":87,"column":10},"end":{"line":87,"column":16}},"39":{"start":{"line":88,"column":10},"end":{"line":88,"column":16}},"40":{"start":{"line":91,"column":4},"end":{"line":91,"column":59}},"41":{"start":{"line":95,"column":4},"end":{"line":95,"column":59}},"42":{"start":{"line":99,"column":20},"end":{"line":99,"column":37}},"43":{"start":{"line":100,"column":18},"end":{"line":100,"column":42}},"44":{"start":{"line":101,"column":16},"end":{"line":101,"column":34}},"45":{"start":{"line":103,"column":4},"end":{"line":105,"column":5}},"46":{"start":{"line":103,"column":17},"end":{"line":103,"column":18}},"47":{"start":{"line":104,"column":8},"end":{"line":104,"column":49}},"48":{"start":{"line":107,"column":4},"end":{"line":107,"column":15}},"49":{"start":{"line":111,"column":14},"end":{"line":111,"column":38}},"50":{"start":{"line":113,"column":4},"end":{"line":115,"column":5}},"51":{"start":{"line":113,"column":17},"end":{"line":113,"column":18}},"52":{"start":{"line":114,"column":8},"end":{"line":114,"column":56}},"53":{"start":{"line":117,"column":14},"end":{"line":117,"column":25}},"54":{"start":{"line":118,"column":14},"end":{"line":118,"column":26}},"55":{"start":{"line":119,"column":4},"end":{"line":119,"column":13}},"56":{"start":{"line":121,"column":4},"end":{"line":123,"column":5}},"57":{"start":{"line":121,"column":17},"end":{"line":121,"column":18}},"58":{"start":{"line":122,"column":8},"end":{"line":122,"column":37}},"59":{"start":{"line":125,"column":12},"end":{"line":125,"column":13}},"60":{"start":{"line":126,"column":12},"end":{"line":126,"column":13}},"61":{"start":{"line":127,"column":12},"end":{"line":127,"column":13}},"62":{"start":{"line":128,"column":12},"end":{"line":128,"column":13}},"63":{"start":{"line":129,"column":14},"end":{"line":129,"column":39}},"64":{"start":{"line":131,"column":4},"end":{"line":136,"column":5}},"65":{"start":{"line":131,"column":17},"end":{"line":131,"column":18}},"66":{"start":{"line":132,"column":8},"end":{"line":132,"column":50}},"67":{"start":{"line":133,"column":8},"end":{"line":133,"column":54}},"68":{"start":{"line":134,"column":8},"end":{"line":134,"column":24}},"69":{"start":{"line":135,"column":8},"end":{"line":135,"column":31}},"70":{"start":{"line":138,"column":4},"end":{"line":138,"column":13}},"71":{"start":{"line":142,"column":4},"end":{"line":142,"column":26}},"72":{"start":{"line":143,"column":4},"end":{"line":143,"column":26}},"73":{"start":{"line":145,"column":4},"end":{"line":148,"column":5}},"74":{"start":{"line":145,"column":17},"end":{"line":145,"column":18}},"75":{"start":{"line":146,"column":8},"end":{"line":146,"column":47}},"76":{"start":{"line":147,"column":8},"end":{"line":147,"column":51}},"77":{"start":{"line":150,"column":4},"end":{"line":150,"column":18}},"78":{"start":{"line":154,"column":4},"end":{"line":157,"column":5}},"79":{"start":{"line":154,"column":17},"end":{"line":154,"column":18}},"80":{"start":{"line":155,"column":8},"end":{"line":155,"column":66}},"81":{"start":{"line":156,"column":8},"end":{"line":156,"column":62}},"82":{"start":{"line":159,"column":4},"end":{"line":159,"column":32}},"83":{"start":{"line":160,"column":4},"end":{"line":160,"column":32}},"84":{"start":{"line":162,"column":4},"end":{"line":162,"column":18}},"85":{"start":{"line":166,"column":14},"end":{"line":166,"column":51}},"86":{"start":{"line":167,"column":4},"end":{"line":167,"column":35}},"87":{"start":{"line":167,"column":19},"end":{"line":167,"column":35}},"88":{"start":{"line":169,"column":19},"end":{"line":169,"column":52}},"89":{"start":{"line":170,"column":4},"end":{"line":170,"column":21}},"90":{"start":{"line":171,"column":4},"end":{"line":171,"column":34}},"91":{"start":{"line":173,"column":4},"end":{"line":173,"column":18}},"92":{"start":{"line":177,"column":16},"end":{"line":177,"column":37}},"93":{"start":{"line":178,"column":4},"end":{"line":178,"column":40}},"94":{"start":{"line":178,"column":28},"end":{"line":178,"column":40}},"95":{"start":{"line":179,"column":4},"end":{"line":179,"column":44}},"96":{"start":{"line":183,"column":19},"end":{"line":183,"column":47}},"97":{"start":{"line":184,"column":15},"end":{"line":184,"column":17}},"98":{"start":{"line":186,"column":4},"end":{"line":209,"column":5}},"99":{"start":{"line":186,"column":17},"end":{"line":186,"column":18}},"100":{"start":{"line":187,"column":22},"end":{"line":187,"column":43}},"101":{"start":{"line":188,"column":22},"end":{"line":188,"column":39}},"102":{"start":{"line":190,"column":8},"end":{"line":192,"column":9}},"103":{"start":{"line":190,"column":21},"end":{"line":190,"column":22}},"104":{"start":{"line":191,"column":12},"end":{"line":191,"column":42}},"105":{"start":{"line":194,"column":29},"end":{"line":198,"column":9}},"106":{"start":{"line":200,"column":26},"end":{"line":205,"column":10}},"107":{"start":{"line":207,"column":8},"end":{"line":207,"column":33}},"108":{"start":{"line":208,"column":8},"end":{"line":208,"column":25}},"109":{"start":{"line":211,"column":4},"end":{"line":211,"column":18}},"110":{"start":{"line":215,"column":19},"end":{"line":215,"column":47}},"111":{"start":{"line":216,"column":15},"end":{"line":216,"column":17}},"112":{"start":{"line":218,"column":4},"end":{"line":239,"column":5}},"113":{"start":{"line":218,"column":17},"end":{"line":218,"column":18}},"114":{"start":{"line":219,"column":21},"end":{"line":219,"column":42}},"115":{"start":{"line":221,"column":29},"end":{"line":225,"column":9}},"116":{"start":{"line":227,"column":26},"end":{"line":232,"column":10}},"117":{"start":{"line":234,"column":8},"end":{"line":236,"column":9}},"118":{"start":{"line":234,"column":21},"end":{"line":234,"column":22}},"119":{"start":{"line":235,"column":12},"end":{"line":235,"column":51}},"120":{"start":{"line":238,"column":8},"end":{"line":238,"column":20}},"121":{"start":{"line":241,"column":4},"end":{"line":241,"column":18}},"122":{"start":{"line":245,"column":21},"end":{"line":245,"column":48}},"123":{"start":{"line":246,"column":14},"end":{"line":246,"column":33}},"124":{"start":{"line":248,"column":18},"end":{"line":248,"column":35}},"125":{"start":{"line":249,"column":4},"end":{"line":249,"column":34}},"126":{"start":{"line":251,"column":29},"end":{"line":255,"column":5}},"127":{"start":{"line":257,"column":29},"end":{"line":262,"column":6}},"128":{"start":{"line":264,"column":24},"end":{"line":264,"column":48}},"129":{"start":{"line":265,"column":26},"end":{"line":265,"column":59}},"130":{"start":{"line":267,"column":23},"end":{"line":267,"column":85}},"131":{"start":{"line":268,"column":4},"end":{"line":268,"column":40}},"132":{"start":{"line":269,"column":4},"end":{"line":269,"column":59}},"133":{"start":{"line":271,"column":4},"end":{"line":271,"column":22}},"134":{"start":{"line":275,"column":4},"end":{"line":277,"column":5}},"135":{"start":{"line":276,"column":8},"end":{"line":276,"column":47}},"136":{"start":{"line":279,"column":21},"end":{"line":279,"column":48}},"137":{"start":{"line":280,"column":14},"end":{"line":280,"column":33}},"138":{"start":{"line":282,"column":29},"end":{"line":286,"column":5}},"139":{"start":{"line":288,"column":18},"end":{"line":293,"column":6}},"140":{"start":{"line":295,"column":26},"end":{"line":295,"column":44}},"141":{"start":{"line":296,"column":28},"end":{"line":296,"column":63}},"142":{"start":{"line":298,"column":4},"end":{"line":298,"column":42}},"143":{"start":{"line":303,"column":17},"end":{"line":303,"column":62}},"144":{"start":{"line":304,"column":19},"end":{"line":304,"column":52}},"145":{"start":{"line":306,"column":4},"end":{"line":309,"column":5}},"146":{"start":{"line":307,"column":8},"end":{"line":307,"column":47}},"147":{"start":{"line":308,"column":8},"end":{"line":308,"column":15}},"148":{"start":{"line":311,"column":24},"end":{"line":311,"column":48}},"149":{"start":{"line":312,"column":17},"end":{"line":312,"column":44}},"150":{"start":{"line":314,"column":4},"end":{"line":337,"column":5}},"151":{"start":{"line":315,"column":8},"end":{"line":315,"column":28}},"152":{"start":{"line":317,"column":25},"end":{"line":317,"column":42}},"153":{"start":{"line":318,"column":26},"end":{"line":318,"column":53}},"154":{"start":{"line":319,"column":23},"end":{"line":319,"column":40}},"155":{"start":{"line":321,"column":25},"end":{"line":321,"column":42}},"156":{"start":{"line":322,"column":26},"end":{"line":322,"column":58}},"157":{"start":{"line":323,"column":23},"end":{"line":323,"column":40}},"158":{"start":{"line":326,"column":12},"end":{"line":327,"column":68}},"159":{"start":{"line":327,"column":46},"end":{"line":327,"column":67}},"160":{"start":{"line":329,"column":8},"end":{"line":334,"column":60}},"161":{"start":{"line":336,"column":8},"end":{"line":336,"column":51}},"162":{"start":{"line":341,"column":17},"end":{"line":341,"column":62}},"163":{"start":{"line":342,"column":21},"end":{"line":342,"column":69}},"164":{"start":{"line":343,"column":19},"end":{"line":343,"column":52}},"165":{"start":{"line":345,"column":4},"end":{"line":348,"column":5}},"166":{"start":{"line":346,"column":8},"end":{"line":346,"column":62}},"167":{"start":{"line":347,"column":8},"end":{"line":347,"column":15}},"168":{"start":{"line":350,"column":24},"end":{"line":350,"column":48}},"169":{"start":{"line":351,"column":22},"end":{"line":351,"column":49}},"170":{"start":{"line":353,"column":4},"end":{"line":374,"column":5}},"171":{"start":{"line":354,"column":25},"end":{"line":354,"column":42}},"172":{"start":{"line":355,"column":26},"end":{"line":355,"column":68}},"173":{"start":{"line":356,"column":23},"end":{"line":356,"column":40}},"174":{"start":{"line":358,"column":25},"end":{"line":358,"column":42}},"175":{"start":{"line":359,"column":26},"end":{"line":359,"column":68}},"176":{"start":{"line":360,"column":23},"end":{"line":360,"column":40}},"177":{"start":{"line":363,"column":12},"end":{"line":364,"column":73}},"178":{"start":{"line":364,"column":46},"end":{"line":364,"column":72}},"179":{"start":{"line":366,"column":8},"end":{"line":371,"column":60}},"180":{"start":{"line":373,"column":8},"end":{"line":373,"column":51}},"181":{"start":{"line":378,"column":17},"end":{"line":378,"column":62}},"182":{"start":{"line":379,"column":21},"end":{"line":379,"column":69}},"183":{"start":{"line":380,"column":19},"end":{"line":380,"column":52}},"184":{"start":{"line":382,"column":4},"end":{"line":385,"column":5}},"185":{"start":{"line":383,"column":8},"end":{"line":383,"column":62}},"186":{"start":{"line":384,"column":8},"end":{"line":384,"column":15}},"187":{"start":{"line":387,"column":24},"end":{"line":387,"column":48}},"188":{"start":{"line":388,"column":22},"end":{"line":388,"column":49}},"189":{"start":{"line":390,"column":4},"end":{"line":424,"column":5}},"190":{"start":{"line":391,"column":8},"end":{"line":391,"column":28}},"191":{"start":{"line":393,"column":28},"end":{"line":393,"column":45}},"192":{"start":{"line":394,"column":29},"end":{"line":394,"column":61}},"193":{"start":{"line":395,"column":26},"end":{"line":395,"column":43}},"194":{"start":{"line":397,"column":28},"end":{"line":397,"column":45}},"195":{"start":{"line":398,"column":8},"end":{"line":398,"column":44}},"196":{"start":{"line":399,"column":26},"end":{"line":399,"column":43}},"197":{"start":{"line":401,"column":28},"end":{"line":401,"column":45}},"198":{"start":{"line":402,"column":29},"end":{"line":402,"column":71}},"199":{"start":{"line":403,"column":26},"end":{"line":403,"column":43}},"200":{"start":{"line":405,"column":28},"end":{"line":405,"column":45}},"201":{"start":{"line":406,"column":8},"end":{"line":406,"column":54}},"202":{"start":{"line":407,"column":26},"end":{"line":407,"column":43}},"203":{"start":{"line":409,"column":23},"end":{"line":409,"column":46}},"204":{"start":{"line":410,"column":23},"end":{"line":410,"column":46}},"205":{"start":{"line":411,"column":23},"end":{"line":411,"column":46}},"206":{"start":{"line":412,"column":23},"end":{"line":412,"column":46}},"207":{"start":{"line":414,"column":8},"end":{"line":421,"column":56}},"208":{"start":{"line":423,"column":8},"end":{"line":423,"column":55}},"209":{"start":{"line":430,"column":19},"end":{"line":430,"column":52}},"210":{"start":{"line":432,"column":4},"end":{"line":435,"column":5}},"211":{"start":{"line":433,"column":8},"end":{"line":433,"column":63}},"212":{"start":{"line":434,"column":8},"end":{"line":434,"column":15}},"213":{"start":{"line":437,"column":23},"end":{"line":437,"column":84}},"214":{"start":{"line":438,"column":22},"end":{"line":438,"column":81}},"215":{"start":{"line":441,"column":21},"end":{"line":441,"column":37}},"216":{"start":{"line":442,"column":20},"end":{"line":442,"column":45}},"217":{"start":{"line":444,"column":18},"end":{"line":444,"column":45}},"218":{"start":{"line":445,"column":8},"end":{"line":445,"column":21}},"219":{"start":{"line":446,"column":8},"end":{"line":446,"column":30}},"220":{"start":{"line":447,"column":8},"end":{"line":447,"column":18}},"221":{"start":{"line":449,"column":8},"end":{"line":449,"column":33}},"222":{"start":{"line":452,"column":4},"end":{"line":452,"column":44}},"223":{"start":{"line":453,"column":4},"end":{"line":453,"column":42}},"224":{"start":{"line":455,"column":4},"end":{"line":455,"column":38}},"225":{"start":{"line":460,"column":17},"end":{"line":460,"column":60}},"226":{"start":{"line":461,"column":19},"end":{"line":461,"column":52}},"227":{"start":{"line":463,"column":4},"end":{"line":466,"column":5}},"228":{"start":{"line":464,"column":8},"end":{"line":464,"column":44}},"229":{"start":{"line":465,"column":8},"end":{"line":465,"column":15}},"230":{"start":{"line":468,"column":4},"end":{"line":490,"column":5}},"231":{"start":{"line":469,"column":23},"end":{"line":469,"column":47}},"232":{"start":{"line":471,"column":27},"end":{"line":480,"column":9}},"233":{"start":{"line":482,"column":8},"end":{"line":485,"column":10}},"234":{"start":{"line":487,"column":8},"end":{"line":487,"column":53}},"235":{"start":{"line":489,"column":8},"end":{"line":489,"column":66}},"236":{"start":{"line":493,"column":0},"end":{"line":518,"column":1}},"237":{"start":{"line":494,"column":4},"end":{"line":517,"column":6}}},"fnMap":{"0":{"name":"generateRSA","decl":{"start":{"line":4,"column":15},"end":{"line":4,"column":26}},"loc":{"start":{"line":4,"column":29},"end":{"line":15,"column":1}},"line":4},"1":{"name":"rsaEncryptBlock","decl":{"start":{"line":17,"column":15},"end":{"line":17,"column":30}},"loc":{"start":{"line":17,"column":37},"end":{"line":23,"column":1}},"line":17},"2":{"name":"rsaDecryptBlock","decl":{"start":{"line":25,"column":15},"end":{"line":25,"column":30}},"loc":{"start":{"line":25,"column":37},"end":{"line":31,"column":1}},"line":25},"3":{"name":"rsaEncryptBytes","decl":{"start":{"line":33,"column":15},"end":{"line":33,"column":30}},"loc":{"start":{"line":33,"column":42},"end":{"line":52,"column":1}},"line":33},"4":{"name":"rsaDecryptBytes","decl":{"start":{"line":54,"column":15},"end":{"line":54,"column":30}},"loc":{"start":{"line":54,"column":47},"end":{"line":78,"column":1}},"line":54},"5":{"name":"rotl","decl":{"start":{"line":90,"column":9},"end":{"line":90,"column":13}},"loc":{"start":{"line":90,"column":20},"end":{"line":92,"column":1}},"line":90},"6":{"name":"rotr","decl":{"start":{"line":94,"column":9},"end":{"line":94,"column":13}},"loc":{"start":{"line":94,"column":20},"end":{"line":96,"column":1}},"line":94},"7":{"name":"passwordTo16Bytes","decl":{"start":{"line":98,"column":9},"end":{"line":98,"column":26}},"loc":{"start":{"line":98,"column":37},"end":{"line":108,"column":1}},"line":98},"8":{"name":"generateS","decl":{"start":{"line":110,"column":9},"end":{"line":110,"column":18}},"loc":{"start":{"line":110,"column":22},"end":{"line":139,"column":1}},"line":110},"9":{"name":"encryptBlock","decl":{"start":{"line":141,"column":9},"end":{"line":141,"column":21}},"loc":{"start":{"line":141,"column":31},"end":{"line":151,"column":1}},"line":141},"10":{"name":"decryptBlock","decl":{"start":{"line":153,"column":9},"end":{"line":153,"column":21}},"loc":{"start":{"line":153,"column":31},"end":{"line":163,"column":1}},"line":153},"11":{"name":"addPadding","decl":{"start":{"line":165,"column":9},"end":{"line":165,"column":19}},"loc":{"start":{"line":165,"column":41},"end":{"line":174,"column":1}},"line":165},"12":{"name":"removePadding","decl":{"start":{"line":176,"column":9},"end":{"line":176,"column":22}},"loc":{"start":{"line":176,"column":29},"end":{"line":180,"column":1}},"line":176},"13":{"name":"encryptCBC","decl":{"start":{"line":182,"column":9},"end":{"line":182,"column":19}},"loc":{"start":{"line":182,"column":34},"end":{"line":212,"column":1}},"line":182},"14":{"name":"decryptCBC","decl":{"start":{"line":214,"column":9},"end":{"line":214,"column":19}},"loc":{"start":{"line":214,"column":34},"end":{"line":242,"column":1}},"line":214},"15":{"name":"rc5EncryptBytes","decl":{"start":{"line":244,"column":15},"end":{"line":244,"column":30}},"loc":{"start":{"line":244,"column":52},"end":{"line":272,"column":1}},"line":244},"16":{"name":"rc5DecryptBytes","decl":{"start":{"line":274,"column":15},"end":{"line":274,"column":30}},"loc":{"start":{"line":274,"column":52},"end":{"line":299,"column":1}},"line":274},"17":{"name":"runRSA","decl":{"start":{"line":302,"column":15},"end":{"line":302,"column":21}},"loc":{"start":{"line":302,"column":24},"end":{"line":338,"column":1}},"line":302},"18":{"name":"(anonymous_18)","decl":{"start":{"line":327,"column":28},"end":{"line":327,"column":29}},"loc":{"start":{"line":327,"column":46},"end":{"line":327,"column":67}},"line":327},"19":{"name":"runRC5","decl":{"start":{"line":340,"column":15},"end":{"line":340,"column":21}},"loc":{"start":{"line":340,"column":24},"end":{"line":375,"column":1}},"line":340},"20":{"name":"(anonymous_20)","decl":{"start":{"line":364,"column":28},"end":{"line":364,"column":29}},"loc":{"start":{"line":364,"column":46},"end":{"line":364,"column":72}},"line":364},"21":{"name":"compare","decl":{"start":{"line":377,"column":15},"end":{"line":377,"column":22}},"loc":{"start":{"line":377,"column":25},"end":{"line":425,"column":1}},"line":377},"22":{"name":"saveKeys","decl":{"start":{"line":429,"column":15},"end":{"line":429,"column":23}},"loc":{"start":{"line":429,"column":26},"end":{"line":456,"column":1}},"line":429},"23":{"name":"download","decl":{"start":{"line":440,"column":13},"end":{"line":440,"column":21}},"loc":{"start":{"line":440,"column":38},"end":{"line":450,"column":5}},"line":440},"24":{"name":"loadPrivateKey","decl":{"start":{"line":459,"column":15},"end":{"line":459,"column":29}},"loc":{"start":{"line":459,"column":32},"end":{"line":491,"column":1}},"line":459}},"branchMap":{"0":{"loc":{"start":{"line":104,"column":17},"end":{"line":104,"column":48}},"type":"cond-expr","locations":[{"start":{"line":104,"column":36},"end":{"line":104,"column":44}},{"start":{"line":104,"column":47},"end":{"line":104,"column":48}}],"line":104},"1":{"loc":{"start":{"line":165,"column":26},"end":{"line":165,"column":39}},"type":"default-arg","locations":[{"start":{"line":165,"column":38},"end":{"line":165,"column":39}}],"line":165},"2":{"loc":{"start":{"line":167,"column":4},"end":{"line":167,"column":35}},"type":"if","locations":[{"start":{"line":167,"column":4},"end":{"line":167,"column":35}},{"start":{},"end":{}}],"line":167},"3":{"loc":{"start":{"line":178,"column":4},"end":{"line":178,"column":40}},"type":"if","locations":[{"start":{"line":178,"column":4},"end":{"line":178,"column":40}},{"start":{},"end":{}}],"line":178},"4":{"loc":{"start":{"line":178,"column":8},"end":{"line":178,"column":26}},"type":"binary-expr","locations":[{"start":{"line":178,"column":8},"end":{"line":178,"column":15}},{"start":{"line":178,"column":19},"end":{"line":178,"column":26}}],"line":178},"5":{"loc":{"start":{"line":275,"column":4},"end":{"line":277,"column":5}},"type":"if","locations":[{"start":{"line":275,"column":4},"end":{"line":277,"column":5}},{"start":{},"end":{}}],"line":275},"6":{"loc":{"start":{"line":306,"column":4},"end":{"line":309,"column":5}},"type":"if","locations":[{"start":{"line":306,"column":4},"end":{"line":309,"column":5}},{"start":{},"end":{}}],"line":306},"7":{"loc":{"start":{"line":326,"column":12},"end":{"line":327,"column":68}},"type":"binary-expr","locations":[{"start":{"line":326,"column":12},"end":{"line":326,"column":44}},{"start":{"line":327,"column":12},"end":{"line":327,"column":68}}],"line":326},"8":{"loc":{"start":{"line":345,"column":4},"end":{"line":348,"column":5}},"type":"if","locations":[{"start":{"line":345,"column":4},"end":{"line":348,"column":5}},{"start":{},"end":{}}],"line":345},"9":{"loc":{"start":{"line":345,"column":8},"end":{"line":345,"column":26}},"type":"binary-expr","locations":[{"start":{"line":345,"column":8},"end":{"line":345,"column":13}},{"start":{"line":345,"column":17},"end":{"line":345,"column":26}}],"line":345},"10":{"loc":{"start":{"line":363,"column":12},"end":{"line":364,"column":73}},"type":"binary-expr","locations":[{"start":{"line":363,"column":12},"end":{"line":363,"column":49}},{"start":{"line":364,"column":12},"end":{"line":364,"column":73}}],"line":363},"11":{"loc":{"start":{"line":382,"column":4},"end":{"line":385,"column":5}},"type":"if","locations":[{"start":{"line":382,"column":4},"end":{"line":385,"column":5}},{"start":{},"end":{}}],"line":382},"12":{"loc":{"start":{"line":382,"column":8},"end":{"line":382,"column":26}},"type":"binary-expr","locations":[{"start":{"line":382,"column":8},"end":{"line":382,"column":13}},{"start":{"line":382,"column":17},"end":{"line":382,"column":26}}],"line":382},"13":{"loc":{"start":{"line":419,"column":13},"end":{"line":421,"column":54}},"type":"cond-expr","locations":[{"start":{"line":420,"column":18},"end":{"line":420,"column":41}},{"start":{"line":421,"column":18},"end":{"line":421,"column":54}}],"line":419},"14":{"loc":{"start":{"line":432,"column":4},"end":{"line":435,"column":5}},"type":"if","locations":[{"start":{"line":432,"column":4},"end":{"line":435,"column":5}},{"start":{},"end":{}}],"line":432},"15":{"loc":{"start":{"line":463,"column":4},"end":{"line":466,"column":5}},"type":"if","locations":[{"start":{"line":463,"column":4},"end":{"line":466,"column":5}},{"start":{},"end":{}}],"line":463},"16":{"loc":{"start":{"line":493,"column":0},"end":{"line":518,"column":1}},"type":"if","locations":[{"start":{"line":493,"column":0},"end":{"line":518,"column":1}},{"start":{},"end":{}}],"line":493},"17":{"loc":{"start":{"line":493,"column":4},"end":{"line":493,"column":51}},"type":"binary-expr","locations":[{"start":{"line":493,"column":4},"end":{"line":493,"column":33}},{"start":{"line":493,"column":37},"end":{"line":493,"column":51}}],"line":493}},"s":{"0":1,"1":8,"2":8,"3":4,"4":7,"5":7,"6":7,"7":7,"8":8,"9":8,"10":8,"11":7,"12":7,"13":7,"14":8,"15":8,"16":7,"17":4,"18":4,"19":4,"20":4,"21":4,"22":4,"23":4,"24":4,"25":4,"26":4,"27":4,"28":4,"29":4,"30":4,"31":4,"32":4,"33":1,"34":1,"35":1,"36":1,"37":1,"38":1,"39":1,"40":3175,"41":435,"42":26,"43":26,"44":26,"45":26,"46":26,"47":416,"48":26,"49":23,"50":23,"51":23,"52":368,"53":23,"54":23,"55":23,"56":23,"57":23,"58":391,"59":23,"60":23,"61":23,"62":23,"63":23,"64":23,"65":23,"66":1242,"67":1242,"68":1242,"69":1242,"70":23,"71":43,"72":43,"73":43,"74":43,"75":344,"76":344,"77":43,"78":27,"79":27,"80":216,"81":216,"82":27,"83":27,"84":27,"85":11,"86":11,"87":0,"88":11,"89":11,"90":11,"91":11,"92":8,"93":8,"94":3,"95":5,"96":13,"97":13,"98":13,"99":13,"100":32,"101":32,"102":32,"103":32,"104":128,"105":32,"106":32,"107":32,"108":32,"109":13,"110":7,"111":7,"112":7,"113":7,"114":20,"115":20,"116":20,"117":20,"118":20,"119":80,"120":20,"121":7,"122":8,"123":8,"124":8,"125":8,"126":8,"127":8,"128":8,"129":8,"130":8,"131":8,"132":8,"133":8,"134":5,"135":1,"136":4,"137":4,"138":4,"139":4,"140":4,"141":4,"142":4,"143":2,"144":2,"145":2,"146":1,"147":1,"148":1,"149":1,"150":1,"151":1,"152":1,"153":1,"154":1,"155":1,"156":1,"157":1,"158":1,"159":16,"160":1,"161":0,"162":3,"163":3,"164":3,"165":3,"166":2,"167":2,"168":1,"169":1,"170":1,"171":1,"172":1,"173":1,"174":1,"175":1,"176":1,"177":1,"178":17,"179":1,"180":0,"181":3,"182":3,"183":3,"184":3,"185":2,"186":2,"187":1,"188":1,"189":1,"190":1,"191":1,"192":1,"193":1,"194":1,"195":1,"196":1,"197":1,"198":1,"199":1,"200":1,"201":1,"202":1,"203":1,"204":1,"205":1,"206":1,"207":1,"208":0,"209":2,"210":2,"211":0,"212":0,"213":2,"214":2,"215":4,"216":4,"217":4,"218":4,"219":4,"220":4,"221":4,"222":2,"223":2,"224":2,"225":2,"226":2,"227":2,"228":1,"229":1,"230":1,"231":1,"232":1,"233":0,"234":0,"235":1,"236":1,"237":1},"f":{"0":8,"1":8,"2":4,"3":7,"4":4,"5":3175,"6":435,"7":26,"8":23,"9":43,"10":27,"11":11,"12":8,"13":13,"14":7,"15":8,"16":5,"17":2,"18":16,"19":3,"20":17,"21":3,"22":2,"23":4,"24":2},"b":{"0":[160,256],"1":[0],"2":[0,11],"3":[3,5],"4":[8,7],"5":[1,4],"6":[1,1],"7":[1,1],"8":[2,1],"9":[3,2],"10":[1,1],"11":[2,1],"12":[3,2],"13":[1,0],"14":[0,2],"15":[1,1],"16":[1,0],"17":[1,1]},"_coverageSchema":"1a1c01bbd47fc00a2c39e90264f33305004495a9","hash":"8964b7ded6b62bb4a92c70c21ee4be7644c11f59"}
}
