TN:
SF:lab4.js
FN:4,generateRSA
FN:17,rsaEncryptBlock
FN:25,rsaDecryptBlock
FN:33,rsaEncryptBytes
FN:54,rsaDecryptBytes
FN:90,rotl
FN:94,rotr
FN:98,passwordTo16Bytes
FN:110,generateS
FN:141,encryptBlock
FN:153,decryptBlock
FN:165,addPadding
FN:176,removePadding
FN:182,encryptCBC
FN:214,decryptCBC
FN:244,rc5EncryptBytes
FN:274,rc5DecryptBytes
FN:302,runRSA
FN:327,(anonymous_18)
FN:340,runRC5
FN:364,(anonymous_20)
FN:377,compare
FN:429,saveKeys
FN:440,download
FN:459,loadPrivateKey
FNF:25
FNH:25
FNDA:8,generateRSA
FNDA:8,rsaEncryptBlock
FNDA:4,rsaDecryptBlock
FNDA:7,rsaEncryptBytes
FNDA:4,rsaDecryptBytes
FNDA:3175,rotl
FNDA:435,rotr
FNDA:26,passwordTo16Bytes
FNDA:23,generateS
FNDA:43,encryptBlock
FNDA:27,decryptBlock
FNDA:11,addPadding
FNDA:8,removePadding
FNDA:13,encryptCBC
FNDA:7,decryptCBC
FNDA:8,rc5EncryptBytes
FNDA:5,rc5DecryptBytes
FNDA:2,runRSA
FNDA:16,(anonymous_18)
FNDA:3,runRC5
FNDA:17,(anonymous_20)
FNDA:3,compare
FNDA:2,saveKeys
FNDA:4,download
FNDA:2,loadPrivateKey
DA:1,1
DA:5,8
DA:18,8
DA:26,4
DA:34,7
DA:35,7
DA:37,7
DA:38,8
DA:39,8
DA:40,8
DA:43,7
DA:44,7
DA:46,7
DA:47,8
DA:48,8
DA:51,7
DA:55,4
DA:56,4
DA:58,4
DA:59,4
DA:60,4
DA:61,4
DA:64,4
DA:65,4
DA:66,4
DA:69,4
DA:70,4
DA:72,4
DA:73,4
DA:74,4
DA:77,4
DA:82,1
DA:83,1
DA:84,1
DA:85,1
DA:86,1
DA:87,1
DA:88,1
DA:91,3175
DA:95,435
DA:99,26
DA:100,26
DA:101,26
DA:103,26
DA:104,416
DA:107,26
DA:111,23
DA:113,23
DA:114,368
DA:117,23
DA:118,23
DA:119,23
DA:121,23
DA:122,391
DA:125,23
DA:126,23
DA:127,23
DA:128,23
DA:129,23
DA:131,23
DA:132,1242
DA:133,1242
DA:134,1242
DA:135,1242
DA:138,23
DA:142,43
DA:143,43
DA:145,43
DA:146,344
DA:147,344
DA:150,43
DA:154,27
DA:155,216
DA:156,216
DA:159,27
DA:160,27
DA:162,27
DA:166,11
DA:167,11
DA:169,11
DA:170,11
DA:171,11
DA:173,11
DA:177,8
DA:178,8
DA:179,5
DA:183,13
DA:184,13
DA:186,13
DA:187,32
DA:188,32
DA:190,32
DA:191,128
DA:194,32
DA:200,32
DA:207,32
DA:208,32
DA:211,13
DA:215,7
DA:216,7
DA:218,7
DA:219,20
DA:221,20
DA:227,20
DA:234,20
DA:235,80
DA:238,20
DA:241,7
DA:245,8
DA:246,8
DA:248,8
DA:249,8
DA:251,8
DA:257,8
DA:264,8
DA:265,8
DA:267,8
DA:268,8
DA:269,8
DA:271,8
DA:275,5
DA:276,1
DA:279,4
DA:280,4
DA:282,4
DA:288,4
DA:295,4
DA:296,4
DA:298,4
DA:303,2
DA:304,2
DA:306,2
DA:307,1
DA:308,1
DA:311,1
DA:312,1
DA:314,1
DA:315,1
DA:317,1
DA:318,1
DA:319,1
DA:321,1
DA:322,1
DA:323,1
DA:326,1
DA:327,16
DA:329,1
DA:336,0
DA:341,3
DA:342,3
DA:343,3
DA:345,3
DA:346,2
DA:347,2
DA:350,1
DA:351,1
DA:353,1
DA:354,1
DA:355,1
DA:356,1
DA:358,1
DA:359,1
DA:360,1
DA:363,1
DA:364,17
DA:366,1
DA:373,0
DA:378,3
DA:379,3
DA:380,3
DA:382,3
DA:383,2
DA:384,2
DA:387,1
DA:388,1
DA:390,1
DA:391,1
DA:393,1
DA:394,1
DA:395,1
DA:397,1
DA:398,1
DA:399,1
DA:401,1
DA:402,1
DA:403,1
DA:405,1
DA:406,1
DA:407,1
DA:409,1
DA:410,1
DA:411,1
DA:412,1
DA:414,1
DA:423,0
DA:430,2
DA:432,2
DA:433,0
DA:434,0
DA:437,2
DA:438,2
DA:441,4
DA:442,4
DA:444,4
DA:445,4
DA:446,4
DA:447,4
DA:449,4
DA:452,2
DA:453,2
DA:455,2
DA:460,2
DA:461,2
DA:463,2
DA:464,1
DA:465,1
DA:468,1
DA:469,1
DA:471,1
DA:482,0
DA:487,0
DA:489,1
DA:493,1
DA:494,1
LF:224
LH:217
BRDA:104,0,0,160
BRDA:104,0,1,256
BRDA:165,1,0,0
BRDA:167,2,0,0
BRDA:167,2,1,11
BRDA:178,3,0,3
BRDA:178,3,1,5
BRDA:178,4,0,8
BRDA:178,4,1,7
BRDA:275,5,0,1
BRDA:275,5,1,4
BRDA:306,6,0,1
BRDA:306,6,1,1
BRDA:326,7,0,1
BRDA:326,7,1,1
BRDA:345,8,0,2
BRDA:345,8,1,1
BRDA:345,9,0,3
BRDA:345,9,1,2
BRDA:363,10,0,1
BRDA:363,10,1,1
BRDA:382,11,0,2
BRDA:382,11,1,1
BRDA:382,12,0,3
BRDA:382,12,1,2
BRDA:419,13,0,1
BRDA:419,13,1,0
BRDA:432,14,0,0
BRDA:432,14,1,2
BRDA:463,15,0,1
BRDA:463,15,1,1
BRDA:493,16,0,1
BRDA:493,16,1,0
BRDA:493,17,0,1
BRDA:493,17,1,1
BRF:35
BRH:30
end_of_record
