<?xml version="1.0" encoding="UTF-8"?>
<coverage generated="1776874079041" clover="3.2.0">
  <project timestamp="1776874079041" name="All files">
    <metrics statements="153" coveredstatements="138" conditionals="30" coveredconditionals="24" methods="15" coveredmethods="15" elements="198" coveredelements="177" complexity="0" loc="153" ncloc="153" packages="1" files="2" classes="2"/>
    <file name="lab2.js" path="C:\Users\Соломія\Desktop\labs\lab2\lab2.js">
      <metrics statements="73" coveredstatements="64" conditionals="14" coveredconditionals="12" methods="8" coveredmethods="8"/>
      <line num="1" count="1" type="stmt"/>
      <line num="3" count="1" type="stmt"/>
      <line num="4" count="1" type="stmt"/>
      <line num="7" count="1" type="stmt"/>
      <line num="11" count="9" type="stmt"/>
      <line num="12" count="9" type="stmt"/>
      <line num="16" count="1" type="stmt"/>
      <line num="17" count="1" type="stmt"/>
      <line num="18" count="1" type="stmt"/>
      <line num="22" count="1" type="cond" truecount="1" falsecount="1"/>
      <line num="23" count="1" type="stmt"/>
      <line num="24" count="1" type="stmt"/>
      <line num="27" count="0" type="stmt"/>
      <line num="28" count="0" type="stmt"/>
      <line num="29" count="0" type="stmt"/>
      <line num="30" count="0" type="stmt"/>
      <line num="31" count="0" type="stmt"/>
      <line num="32" count="0" type="stmt"/>
      <line num="36" count="4" type="stmt"/>
      <line num="37" count="4" type="stmt"/>
      <line num="41" count="1" type="stmt"/>
      <line num="43" count="1" type="stmt"/>
      <line num="44" count="1" type="stmt"/>
      <line num="45" count="1" type="stmt"/>
      <line num="47" count="1" type="stmt"/>
      <line num="48" count="1" type="stmt"/>
      <line num="49" count="1" type="stmt"/>
      <line num="50" count="1" type="stmt"/>
      <line num="51" count="1" type="stmt"/>
      <line num="52" count="1" type="stmt"/>
      <line num="54" count="1" type="stmt"/>
      <line num="56" count="0" type="stmt"/>
      <line num="61" count="2" type="stmt"/>
      <line num="63" count="2" type="cond" truecount="2" falsecount="0"/>
      <line num="64" count="1" type="stmt"/>
      <line num="65" count="1" type="stmt"/>
      <line num="68" count="1" type="stmt"/>
      <line num="69" count="1" type="stmt"/>
      <line num="70" count="1" type="stmt"/>
      <line num="71" count="1" type="stmt"/>
      <line num="73" count="1" type="stmt"/>
      <line num="74" count="1" type="stmt"/>
      <line num="75" count="1" type="stmt"/>
      <line num="76" count="1" type="stmt"/>
      <line num="77" count="1" type="stmt"/>
      <line num="78" count="1" type="stmt"/>
      <line num="80" count="1" type="stmt"/>
      <line num="82" count="0" type="stmt"/>
      <line num="87" count="3" type="stmt"/>
      <line num="88" count="3" type="stmt"/>
      <line num="90" count="3" type="cond" truecount="4" falsecount="0"/>
      <line num="91" count="1" type="stmt"/>
      <line num="92" count="1" type="stmt"/>
      <line num="95" count="2" type="stmt"/>
      <line num="96" count="2" type="stmt"/>
      <line num="97" count="2" type="stmt"/>
      <line num="99" count="2" type="stmt"/>
      <line num="100" count="2" type="stmt"/>
      <line num="102" count="2" type="stmt"/>
      <line num="104" count="2" type="stmt"/>
      <line num="105" count="2" type="stmt"/>
      <line num="106" count="2" type="stmt"/>
      <line num="107" count="2" type="stmt"/>
      <line num="108" count="2" type="stmt"/>
      <line num="109" count="2" type="stmt"/>
      <line num="110" count="2" type="stmt"/>
      <line num="112" count="2" type="cond" truecount="2" falsecount="0"/>
      <line num="113" count="1" type="stmt"/>
      <line num="115" count="1" type="stmt"/>
      <line num="118" count="2" type="stmt"/>
      <line num="120" count="0" type="stmt"/>
      <line num="124" count="1" type="cond" truecount="3" falsecount="1"/>
      <line num="125" count="1" type="stmt"/>
    </file>
    <file name="md5.js" path="C:\Users\Соломія\Desktop\labs\lab2\md5.js">
      <metrics statements="80" coveredstatements="74" conditionals="16" coveredconditionals="12" methods="7" coveredmethods="7"/>
      <line num="2" count="9" type="cond" truecount="1" falsecount="1"/>
      <line num="3" count="9" type="stmt"/>
      <line num="6" count="0" type="cond" truecount="0" falsecount="2"/>
      <line num="7" count="0" type="stmt"/>
      <line num="10" count="0" type="stmt"/>
      <line num="11" count="0" type="stmt"/>
      <line num="12" count="0" type="stmt"/>
      <line num="14" count="0" type="stmt"/>
      <line num="18" count="9" type="stmt"/>
      <line num="19" count="9" type="stmt"/>
      <line num="23" count="13" type="stmt"/>
      <line num="25" count="13" type="stmt"/>
      <line num="26" count="13" type="stmt"/>
      <line num="27" count="13" type="stmt"/>
      <line num="28" count="13" type="stmt"/>
      <line num="30" count="13" type="stmt"/>
      <line num="37" count="13" type="stmt"/>
      <line num="38" count="13" type="stmt"/>
      <line num="39" count="832" type="stmt"/>
      <line num="42" count="13" type="stmt"/>
      <line num="43" count="15" type="stmt"/>
      <line num="45" count="15" type="stmt"/>
      <line num="46" count="240" type="stmt"/>
      <line num="47" count="240" type="stmt"/>
      <line num="53" count="240" type="stmt"/>
      <line num="56" count="15" type="stmt"/>
      <line num="57" count="15" type="stmt"/>
      <line num="58" count="15" type="stmt"/>
      <line num="59" count="15" type="stmt"/>
      <line num="61" count="15" type="stmt"/>
      <line num="65" count="960" type="cond" truecount="2" falsecount="0"/>
      <line num="66" count="240" type="stmt"/>
      <line num="67" count="240" type="stmt"/>
      <line num="68" count="720" type="cond" truecount="2" falsecount="0"/>
      <line num="69" count="240" type="stmt"/>
      <line num="70" count="240" type="stmt"/>
      <line num="71" count="480" type="cond" truecount="2" falsecount="0"/>
      <line num="72" count="240" type="stmt"/>
      <line num="73" count="240" type="stmt"/>
      <line num="75" count="240" type="stmt"/>
      <line num="76" count="240" type="stmt"/>
      <line num="79" count="960" type="stmt"/>
      <line num="81" count="960" type="stmt"/>
      <line num="82" count="960" type="stmt"/>
      <line num="83" count="960" type="stmt"/>
      <line num="85" count="960" type="stmt"/>
      <line num="86" count="960" type="stmt"/>
      <line num="87" count="960" type="stmt"/>
      <line num="88" count="960" type="stmt"/>
      <line num="90" count="960" type="stmt"/>
      <line num="91" count="960" type="stmt"/>
      <line num="94" count="15" type="stmt"/>
      <line num="95" count="15" type="stmt"/>
      <line num="96" count="15" type="stmt"/>
      <line num="97" count="15" type="stmt"/>
      <line num="100" count="13" type="stmt"/>
      <line num="109" count="14" type="stmt"/>
      <line num="110" count="14" type="stmt"/>
      <line num="112" count="14" type="stmt"/>
      <line num="114" count="14" type="stmt"/>
      <line num="115" count="691" type="stmt"/>
      <line num="118" count="14" type="stmt"/>
      <line num="120" count="14" type="stmt"/>
      <line num="121" count="207" type="stmt"/>
      <line num="124" count="14" type="stmt"/>
      <line num="126" count="14" type="stmt"/>
      <line num="127" count="112" type="stmt"/>
      <line num="130" count="14" type="stmt"/>
      <line num="134" count="961" type="stmt"/>
      <line num="138" count="3901" type="stmt"/>
      <line num="142" count="53" type="stmt"/>
      <line num="144" count="53" type="stmt"/>
      <line num="145" count="212" type="stmt"/>
      <line num="146" count="212" type="stmt"/>
      <line num="148" count="212" type="cond" truecount="2" falsecount="0"/>
      <line num="149" count="13" type="stmt"/>
      <line num="152" count="212" type="stmt"/>
      <line num="155" count="53" type="stmt"/>
      <line num="158" count="1" type="cond" truecount="3" falsecount="1"/>
      <line num="159" count="1" type="stmt"/>
    </file>
  </project>
</coverage>
