{"C:\\Users\\Соломія\\Desktop\\labs\\lab2\\lab2.js": {"path":"C:\\Users\\Соломія\\Desktop\\labs\\lab2\\lab2.js","statementMap":{"0":{"start":{"line":1,"column":40},"end":{"line":1,"column":56}},"1":{"start":{"line":3,"column":17},"end":{"line":3,"column":19}},"2":{"start":{"line":4,"column":15},"end":{"line":4,"column":17}},"3":{"start":{"line":7,"column":4},"end":{"line":7,"column":31}},"4":{"start":{"line":11,"column":4},"end":{"line":11,"column":57}},"5":{"start":{"line":12,"column":4},"end":{"line":12,"column":22}},"6":{"start":{"line":16,"column":4},"end":{"line":16,"column":55}},"7":{"start":{"line":17,"column":4},"end":{"line":17,"column":20}},"8":{"start":{"line":18,"column":4},"end":{"line":18,"column":18}},"9":{"start":{"line":22,"column":4},"end":{"line":25,"column":5}},"10":{"start":{"line":23,"column":8},"end":{"line":23,"column":39}},"11":{"start":{"line":24,"column":8},"end":{"line":24,"column":15}},"12":{"start":{"line":27,"column":17},"end":{"line":27,"column":61}},"13":{"start":{"line":28,"column":14},"end":{"line":28,"column":41}},"14":{"start":{"line":29,"column":4},"end":{"line":29,"column":39}},"15":{"start":{"line":30,"column":4},"end":{"line":30,"column":30}},"16":{"start":{"line":31,"column":4},"end":{"line":31,"column":14}},"17":{"start":{"line":32,"column":4},"end":{"line":32,"column":32}},"18":{"start":{"line":36,"column":19},"end":{"line":36,"column":43}},"19":{"start":{"line":37,"column":4},"end":{"line":37,"column":34}},"20":{"start":{"line":41,"column":17},"end":{"line":41,"column":59}},"21":{"start":{"line":43,"column":4},"end":{"line":57,"column":5}},"22":{"start":{"line":44,"column":21},"end":{"line":44,"column":40}},"23":{"start":{"line":45,"column":8},"end":{"line":45,"column":24}},"24":{"start":{"line":47,"column":21},"end":{"line":47,"column":23}},"25":{"start":{"line":48,"column":8},"end":{"line":48,"column":41}},"26":{"start":{"line":49,"column":8},"end":{"line":49,"column":40}},"27":{"start":{"line":50,"column":8},"end":{"line":50,"column":48}},"28":{"start":{"line":51,"column":8},"end":{"line":51,"column":42}},"29":{"start":{"line":52,"column":8},"end":{"line":52,"column":40}},"30":{"start":{"line":54,"column":8},"end":{"line":54,"column":27}},"31":{"start":{"line":56,"column":8},"end":{"line":56,"column":46}},"32":{"start":{"line":61,"column":17},"end":{"line":61,"column":62}},"33":{"start":{"line":63,"column":4},"end":{"line":66,"column":5}},"34":{"start":{"line":64,"column":8},"end":{"line":64,"column":44}},"35":{"start":{"line":65,"column":8},"end":{"line":65,"column":15}},"36":{"start":{"line":68,"column":4},"end":{"line":83,"column":5}},"37":{"start":{"line":69,"column":22},"end":{"line":69,"column":47}},"38":{"start":{"line":70,"column":21},"end":{"line":70,"column":40}},"39":{"start":{"line":71,"column":8},"end":{"line":71,"column":24}},"40":{"start":{"line":73,"column":21},"end":{"line":73,"column":23}},"41":{"start":{"line":74,"column":8},"end":{"line":74,"column":41}},"42":{"start":{"line":75,"column":8},"end":{"line":75,"column":40}},"43":{"start":{"line":76,"column":8},"end":{"line":76,"column":48}},"44":{"start":{"line":77,"column":8},"end":{"line":77,"column":46}},"45":{"start":{"line":78,"column":8},"end":{"line":78,"column":40}},"46":{"start":{"line":80,"column":8},"end":{"line":80,"column":27}},"47":{"start":{"line":82,"column":8},"end":{"line":82,"column":46}},"48":{"start":{"line":87,"column":17},"end":{"line":87,"column":67}},"49":{"start":{"line":88,"column":24},"end":{"line":88,"column":73}},"50":{"start":{"line":90,"column":4},"end":{"line":93,"column":5}},"51":{"start":{"line":91,"column":8},"end":{"line":91,"column":48}},"52":{"start":{"line":92,"column":8},"end":{"line":92,"column":15}},"53":{"start":{"line":95,"column":4},"end":{"line":121,"column":5}},"54":{"start":{"line":96,"column":22},"end":{"line":96,"column":47}},"55":{"start":{"line":97,"column":25},"end":{"line":97,"column":44}},"56":{"start":{"line":99,"column":30},"end":{"line":99,"column":54}},"57":{"start":{"line":100,"column":26},"end":{"line":100,"column":60}},"58":{"start":{"line":102,"column":8},"end":{"line":102,"column":28}},"59":{"start":{"line":104,"column":21},"end":{"line":104,"column":23}},"60":{"start":{"line":105,"column":8},"end":{"line":105,"column":41}},"61":{"start":{"line":106,"column":8},"end":{"line":106,"column":38}},"62":{"start":{"line":107,"column":8},"end":{"line":107,"column":48}},"63":{"start":{"line":108,"column":8},"end":{"line":108,"column":46}},"64":{"start":{"line":109,"column":8},"end":{"line":109,"column":50}},"65":{"start":{"line":110,"column":8},"end":{"line":110,"column":49}},"66":{"start":{"line":112,"column":8},"end":{"line":116,"column":9}},"67":{"start":{"line":113,"column":12},"end":{"line":113,"column":41}},"68":{"start":{"line":115,"column":12},"end":{"line":115,"column":45}},"69":{"start":{"line":118,"column":8},"end":{"line":118,"column":27}},"70":{"start":{"line":120,"column":8},"end":{"line":120,"column":46}},"71":{"start":{"line":124,"column":0},"end":{"line":135,"column":1}},"72":{"start":{"line":125,"column":4},"end":{"line":134,"column":6}}},"fnMap":{"0":{"name":"md5Text","decl":{"start":{"line":6,"column":9},"end":{"line":6,"column":16}},"loc":{"start":{"line":6,"column":23},"end":{"line":8,"column":1}},"line":6},"1":{"name":"showOutput","decl":{"start":{"line":10,"column":9},"end":{"line":10,"column":19}},"loc":{"start":{"line":10,"column":26},"end":{"line":13,"column":1}},"line":10},"2":{"name":"clearOutput","decl":{"start":{"line":15,"column":9},"end":{"line":15,"column":20}},"loc":{"start":{"line":15,"column":23},"end":{"line":19,"column":1}},"line":15},"3":{"name":"save","decl":{"start":{"line":21,"column":9},"end":{"line":21,"column":13}},"loc":{"start":{"line":21,"column":16},"end":{"line":33,"column":1}},"line":21},"4":{"name":"readFileBytes","decl":{"start":{"line":35,"column":15},"end":{"line":35,"column":28}},"loc":{"start":{"line":35,"column":35},"end":{"line":38,"column":1}},"line":35},"5":{"name":"hashText","decl":{"start":{"line":40,"column":15},"end":{"line":40,"column":23}},"loc":{"start":{"line":40,"column":26},"end":{"line":58,"column":1}},"line":40},"6":{"name":"hashFile","decl":{"start":{"line":60,"column":15},"end":{"line":60,"column":23}},"loc":{"start":{"line":60,"column":26},"end":{"line":84,"column":1}},"line":60},"7":{"name":"checkIntegrity","decl":{"start":{"line":86,"column":15},"end":{"line":86,"column":29}},"loc":{"start":{"line":86,"column":32},"end":{"line":122,"column":1}},"line":86}},"branchMap":{"0":{"loc":{"start":{"line":22,"column":4},"end":{"line":25,"column":5}},"type":"if","locations":[{"start":{"line":22,"column":4},"end":{"line":25,"column":5}},{"start":{},"end":{}}],"line":22},"1":{"loc":{"start":{"line":63,"column":4},"end":{"line":66,"column":5}},"type":"if","locations":[{"start":{"line":63,"column":4},"end":{"line":66,"column":5}},{"start":{},"end":{}}],"line":63},"2":{"loc":{"start":{"line":90,"column":4},"end":{"line":93,"column":5}},"type":"if","locations":[{"start":{"line":90,"column":4},"end":{"line":93,"column":5}},{"start":{},"end":{}}],"line":90},"3":{"loc":{"start":{"line":90,"column":8},"end":{"line":90,"column":29}},"type":"binary-expr","locations":[{"start":{"line":90,"column":8},"end":{"line":90,"column":13}},{"start":{"line":90,"column":17},"end":{"line":90,"column":29}}],"line":90},"4":{"loc":{"start":{"line":112,"column":8},"end":{"line":116,"column":9}},"type":"if","locations":[{"start":{"line":112,"column":8},"end":{"line":116,"column":9}},{"start":{"line":114,"column":15},"end":{"line":116,"column":9}}],"line":112},"5":{"loc":{"start":{"line":124,"column":0},"end":{"line":135,"column":1}},"type":"if","locations":[{"start":{"line":124,"column":0},"end":{"line":135,"column":1}},{"start":{},"end":{}}],"line":124},"6":{"loc":{"start":{"line":124,"column":4},"end":{"line":124,"column":51}},"type":"binary-expr","locations":[{"start":{"line":124,"column":4},"end":{"line":124,"column":33}},{"start":{"line":124,"column":37},"end":{"line":124,"column":51}}],"line":124}},"s":{"0":1,"1":1,"2":1,"3":1,"4":9,"5":9,"6":1,"7":1,"8":1,"9":1,"10":1,"11":1,"12":0,"13":0,"14":0,"15":0,"16":0,"17":0,"18":4,"19":4,"20":1,"21":1,"22":1,"23":1,"24":1,"25":1,"26":1,"27":1,"28":1,"29":1,"30":1,"31":0,"32":2,"33":2,"34":1,"35":1,"36":1,"37":1,"38":1,"39":1,"40":1,"41":1,"42":1,"43":1,"44":1,"45":1,"46":1,"47":0,"48":3,"49":3,"50":3,"51":1,"52":1,"53":2,"54":2,"55":2,"56":2,"57":2,"58":2,"59":2,"60":2,"61":2,"62":2,"63":2,"64":2,"65":2,"66":2,"67":1,"68":1,"69":2,"70":0,"71":1,"72":1},"f":{"0":1,"1":9,"2":1,"3":1,"4":4,"5":1,"6":2,"7":3},"b":{"0":[1,0],"1":[1,1],"2":[1,2],"3":[3,2],"4":[1,1],"5":[1,0],"6":[1,1]},"_coverageSchema":"1a1c01bbd47fc00a2c39e90264f33305004495a9","hash":"a25f79fbd350f8fc77fb10d7bbdc2753643f2e71"}
,"C:\\Users\\Соломія\\Desktop\\labs\\lab2\\md5.js": {"path":"C:\\Users\\Соломія\\Desktop\\labs\\lab2\\md5.js","statementMap":{"0":{"start":{"line":2,"column":4},"end":{"line":4,"column":5}},"1":{"start":{"line":3,"column":8},"end":{"line":3,"column":46}},"2":{"start":{"line":6,"column":4},"end":{"line":8,"column":5}},"3":{"start":{"line":7,"column":8},"end":{"line":7,"column":58}},"4":{"start":{"line":10,"column":18},"end":{"line":10,"column":20}},"5":{"start":{"line":11,"column":4},"end":{"line":13,"column":5}},"6":{"start":{"line":11,"column":17},"end":{"line":11,"column":18}},"7":{"start":{"line":12,"column":8},"end":{"line":12,"column":46}},"8":{"start":{"line":14,"column":4},"end":{"line":14,"column":33}},"9":{"start":{"line":18,"column":18},"end":{"line":18,"column":37}},"10":{"start":{"line":19,"column":4},"end":{"line":19,"column":31}},"11":{"start":{"line":23,"column":18},"end":{"line":23,"column":40}},"12":{"start":{"line":25,"column":13},"end":{"line":25,"column":23}},"13":{"start":{"line":26,"column":13},"end":{"line":26,"column":23}},"14":{"start":{"line":27,"column":13},"end":{"line":27,"column":23}},"15":{"start":{"line":28,"column":13},"end":{"line":28,"column":23}},"16":{"start":{"line":30,"column":14},"end":{"line":35,"column":5}},"17":{"start":{"line":37,"column":14},"end":{"line":37,"column":16}},"18":{"start":{"line":38,"column":4},"end":{"line":40,"column":5}},"19":{"start":{"line":38,"column":17},"end":{"line":38,"column":18}},"20":{"start":{"line":39,"column":8},"end":{"line":39,"column":72}},"21":{"start":{"line":42,"column":4},"end":{"line":98,"column":5}},"22":{"start":{"line":42,"column":22},"end":{"line":42,"column":23}},"23":{"start":{"line":43,"column":18},"end":{"line":43,"column":20}},"24":{"start":{"line":45,"column":8},"end":{"line":54,"column":9}},"25":{"start":{"line":45,"column":21},"end":{"line":45,"column":22}},"26":{"start":{"line":46,"column":26},"end":{"line":46,"column":40}},"27":{"start":{"line":47,"column":12},"end":{"line":51,"column":41}},"28":{"start":{"line":53,"column":12},"end":{"line":53,"column":30}},"29":{"start":{"line":56,"column":16},"end":{"line":56,"column":18}},"30":{"start":{"line":57,"column":16},"end":{"line":57,"column":18}},"31":{"start":{"line":58,"column":16},"end":{"line":58,"column":18}},"32":{"start":{"line":59,"column":16},"end":{"line":59,"column":18}},"33":{"start":{"line":61,"column":8},"end":{"line":92,"column":9}},"34":{"start":{"line":61,"column":21},"end":{"line":61,"column":22}},"35":{"start":{"line":65,"column":12},"end":{"line":77,"column":13}},"36":{"start":{"line":66,"column":16},"end":{"line":66,"column":41}},"37":{"start":{"line":67,"column":16},"end":{"line":67,"column":22}},"38":{"start":{"line":68,"column":19},"end":{"line":77,"column":13}},"39":{"start":{"line":69,"column":16},"end":{"line":69,"column":41}},"40":{"start":{"line":70,"column":16},"end":{"line":70,"column":37}},"41":{"start":{"line":71,"column":19},"end":{"line":77,"column":13}},"42":{"start":{"line":72,"column":16},"end":{"line":72,"column":30}},"43":{"start":{"line":73,"column":16},"end":{"line":73,"column":37}},"44":{"start":{"line":75,"column":16},"end":{"line":75,"column":35}},"45":{"start":{"line":76,"column":16},"end":{"line":76,"column":33}},"46":{"start":{"line":79,"column":12},"end":{"line":79,"column":24}},"47":{"start":{"line":81,"column":26},"end":{"line":81,"column":27}},"48":{"start":{"line":82,"column":12},"end":{"line":82,"column":18}},"49":{"start":{"line":83,"column":12},"end":{"line":83,"column":18}},"50":{"start":{"line":85,"column":25},"end":{"line":85,"column":42}},"51":{"start":{"line":86,"column":25},"end":{"line":86,"column":48}},"52":{"start":{"line":87,"column":25},"end":{"line":87,"column":48}},"53":{"start":{"line":88,"column":28},"end":{"line":88,"column":50}},"54":{"start":{"line":90,"column":12},"end":{"line":90,"column":40}},"55":{"start":{"line":91,"column":12},"end":{"line":91,"column":22}},"56":{"start":{"line":94,"column":8},"end":{"line":94,"column":32}},"57":{"start":{"line":95,"column":8},"end":{"line":95,"column":32}},"58":{"start":{"line":96,"column":8},"end":{"line":96,"column":32}},"59":{"start":{"line":97,"column":8},"end":{"line":97,"column":32}},"60":{"start":{"line":100,"column":4},"end":{"line":105,"column":20}},"61":{"start":{"line":109,"column":27},"end":{"line":109,"column":44}},"62":{"start":{"line":110,"column":22},"end":{"line":110,"column":49}},"63":{"start":{"line":112,"column":23},"end":{"line":112,"column":41}},"64":{"start":{"line":114,"column":4},"end":{"line":116,"column":5}},"65":{"start":{"line":115,"column":8},"end":{"line":115,"column":23}},"66":{"start":{"line":118,"column":19},"end":{"line":118,"column":51}},"67":{"start":{"line":120,"column":4},"end":{"line":122,"column":5}},"68":{"start":{"line":120,"column":17},"end":{"line":120,"column":18}},"69":{"start":{"line":121,"column":8},"end":{"line":121,"column":34}},"70":{"start":{"line":124,"column":4},"end":{"line":124,"column":34}},"71":{"start":{"line":126,"column":4},"end":{"line":128,"column":5}},"72":{"start":{"line":126,"column":17},"end":{"line":126,"column":18}},"73":{"start":{"line":127,"column":8},"end":{"line":127,"column":80}},"74":{"start":{"line":130,"column":4},"end":{"line":130,"column":18}},"75":{"start":{"line":134,"column":4},"end":{"line":134,"column":47}},"76":{"start":{"line":138,"column":4},"end":{"line":138,"column":41}},"77":{"start":{"line":142,"column":17},"end":{"line":142,"column":19}},"78":{"start":{"line":144,"column":4},"end":{"line":153,"column":5}},"79":{"start":{"line":144,"column":17},"end":{"line":144,"column":18}},"80":{"start":{"line":145,"column":21},"end":{"line":145,"column":46}},"81":{"start":{"line":146,"column":18},"end":{"line":146,"column":35}},"82":{"start":{"line":148,"column":8},"end":{"line":150,"column":9}},"83":{"start":{"line":149,"column":12},"end":{"line":149,"column":28}},"84":{"start":{"line":152,"column":8},"end":{"line":152,"column":22}},"85":{"start":{"line":155,"column":4},"end":{"line":155,"column":18}},"86":{"start":{"line":158,"column":0},"end":{"line":168,"column":1}},"87":{"start":{"line":159,"column":4},"end":{"line":167,"column":6}}},"fnMap":{"0":{"name":"stringToBytes","decl":{"start":{"line":1,"column":9},"end":{"line":1,"column":22}},"loc":{"start":{"line":1,"column":29},"end":{"line":15,"column":1}},"line":1},"1":{"name":"md5FromString","decl":{"start":{"line":17,"column":9},"end":{"line":17,"column":22}},"loc":{"start":{"line":17,"column":29},"end":{"line":20,"column":1}},"line":17},"2":{"name":"md5FromBytes","decl":{"start":{"line":22,"column":9},"end":{"line":22,"column":21}},"loc":{"start":{"line":22,"column":34},"end":{"line":106,"column":1}},"line":22},"3":{"name":"addPadding","decl":{"start":{"line":108,"column":9},"end":{"line":108,"column":19}},"loc":{"start":{"line":108,"column":32},"end":{"line":131,"column":1}},"line":108},"4":{"name":"leftRotate","decl":{"start":{"line":133,"column":9},"end":{"line":133,"column":19}},"loc":{"start":{"line":133,"column":26},"end":{"line":135,"column":1}},"line":133},"5":{"name":"addUnsigned","decl":{"start":{"line":137,"column":9},"end":{"line":137,"column":20}},"loc":{"start":{"line":137,"column":27},"end":{"line":139,"column":1}},"line":137},"6":{"name":"wordToHex","decl":{"start":{"line":141,"column":9},"end":{"line":141,"column":18}},"loc":{"start":{"line":141,"column":25},"end":{"line":156,"column":1}},"line":141}},"branchMap":{"0":{"loc":{"start":{"line":2,"column":4},"end":{"line":4,"column":5}},"type":"if","locations":[{"start":{"line":2,"column":4},"end":{"line":4,"column":5}},{"start":{},"end":{}}],"line":2},"1":{"loc":{"start":{"line":6,"column":4},"end":{"line":8,"column":5}},"type":"if","locations":[{"start":{"line":6,"column":4},"end":{"line":8,"column":5}},{"start":{},"end":{}}],"line":6},"2":{"loc":{"start":{"line":65,"column":12},"end":{"line":77,"column":13}},"type":"if","locations":[{"start":{"line":65,"column":12},"end":{"line":77,"column":13}},{"start":{"line":68,"column":19},"end":{"line":77,"column":13}}],"line":65},"3":{"loc":{"start":{"line":68,"column":19},"end":{"line":77,"column":13}},"type":"if","locations":[{"start":{"line":68,"column":19},"end":{"line":77,"column":13}},{"start":{"line":71,"column":19},"end":{"line":77,"column":13}}],"line":68},"4":{"loc":{"start":{"line":71,"column":19},"end":{"line":77,"column":13}},"type":"if","locations":[{"start":{"line":71,"column":19},"end":{"line":77,"column":13}},{"start":{"line":74,"column":19},"end":{"line":77,"column":13}}],"line":71},"5":{"loc":{"start":{"line":148,"column":8},"end":{"line":150,"column":9}},"type":"if","locations":[{"start":{"line":148,"column":8},"end":{"line":150,"column":9}},{"start":{},"end":{}}],"line":148},"6":{"loc":{"start":{"line":158,"column":0},"end":{"line":168,"column":1}},"type":"if","locations":[{"start":{"line":158,"column":0},"end":{"line":168,"column":1}},{"start":{},"end":{}}],"line":158},"7":{"loc":{"start":{"line":158,"column":4},"end":{"line":158,"column":51}},"type":"binary-expr","locations":[{"start":{"line":158,"column":4},"end":{"line":158,"column":33}},{"start":{"line":158,"column":37},"end":{"line":158,"column":51}}],"line":158}},"s":{"0":9,"1":9,"2":0,"3":0,"4":0,"5":0,"6":0,"7":0,"8":0,"9":9,"10":9,"11":13,"12":13,"13":13,"14":13,"15":13,"16":13,"17":13,"18":13,"19":13,"20":832,"21":13,"22":13,"23":15,"24":15,"25":15,"26":240,"27":240,"28":240,"29":15,"30":15,"31":15,"32":15,"33":15,"34":15,"35":960,"36":240,"37":240,"38":720,"39":240,"40":240,"41":480,"42":240,"43":240,"44":240,"45":240,"46":960,"47":960,"48":960,"49":960,"50":960,"51":960,"52":960,"53":960,"54":960,"55":960,"56":15,"57":15,"58":15,"59":15,"60":13,"61":14,"62":14,"63":14,"64":14,"65":691,"66":14,"67":14,"68":14,"69":207,"70":14,"71":14,"72":14,"73":112,"74":14,"75":961,"76":3901,"77":53,"78":53,"79":53,"80":212,"81":212,"82":212,"83":13,"84":212,"85":53,"86":1,"87":1},"f":{"0":9,"1":9,"2":13,"3":14,"4":961,"5":3901,"6":53},"b":{"0":[9,0],"1":[0,0],"2":[240,720],"3":[240,480],"4":[240,240],"5":[13,199],"6":[1,0],"7":[1,1]},"_coverageSchema":"1a1c01bbd47fc00a2c39e90264f33305004495a9","hash":"ca155ab1478f16b79dd37830bb00efa834797bb5"}
}
