TN:
SF:lab2.js
FN:6,md5Text
FN:10,showOutput
FN:15,clearOutput
FN:21,save
FN:35,readFileBytes
FN:40,hashText
FN:60,hashFile
FN:86,checkIntegrity
FNF:8
FNH:8
FNDA:1,md5Text
FNDA:9,showOutput
FNDA:1,clearOutput
FNDA:1,save
FNDA:4,readFileBytes
FNDA:1,hashText
FNDA:2,hashFile
FNDA:3,checkIntegrity
DA:1,1
DA:3,1
DA:4,1
DA:7,1
DA:11,9
DA:12,9
DA:16,1
DA:17,1
DA:18,1
DA:22,1
DA:23,1
DA:24,1
DA:27,0
DA:28,0
DA:29,0
DA:30,0
DA:31,0
DA:32,0
DA:36,4
DA:37,4
DA:41,1
DA:43,1
DA:44,1
DA:45,1
DA:47,1
DA:48,1
DA:49,1
DA:50,1
DA:51,1
DA:52,1
DA:54,1
DA:56,0
DA:61,2
DA:63,2
DA:64,1
DA:65,1
DA:68,1
DA:69,1
DA:70,1
DA:71,1
DA:73,1
DA:74,1
DA:75,1
DA:76,1
DA:77,1
DA:78,1
DA:80,1
DA:82,0
DA:87,3
DA:88,3
DA:90,3
DA:91,1
DA:92,1
DA:95,2
DA:96,2
DA:97,2
DA:99,2
DA:100,2
DA:102,2
DA:104,2
DA:105,2
DA:106,2
DA:107,2
DA:108,2
DA:109,2
DA:110,2
DA:112,2
DA:113,1
DA:115,1
DA:118,2
DA:120,0
DA:124,1
DA:125,1
LF:73
LH:64
BRDA:22,0,0,1
BRDA:22,0,1,0
BRDA:63,1,0,1
BRDA:63,1,1,1
BRDA:90,2,0,1
BRDA:90,2,1,2
BRDA:90,3,0,3
BRDA:90,3,1,2
BRDA:112,4,0,1
BRDA:112,4,1,1
BRDA:124,5,0,1
BRDA:124,5,1,0
BRDA:124,6,0,1
BRDA:124,6,1,1
BRF:14
BRH:12
end_of_record
TN:
SF:md5.js
FN:1,stringToBytes
FN:17,md5FromString
FN:22,md5FromBytes
FN:108,addPadding
FN:133,leftRotate
FN:137,addUnsigned
FN:141,wordToHex
FNF:7
FNH:7
FNDA:9,stringToBytes
FNDA:9,md5FromString
FNDA:13,md5FromBytes
FNDA:14,addPadding
FNDA:961,leftRotate
FNDA:3901,addUnsigned
FNDA:53,wordToHex
DA:2,9
DA:3,9
DA:6,0
DA:7,0
DA:10,0
DA:11,0
DA:12,0
DA:14,0
DA:18,9
DA:19,9
DA:23,13
DA:25,13
DA:26,13
DA:27,13
DA:28,13
DA:30,13
DA:37,13
DA:38,13
DA:39,832
DA:42,13
DA:43,15
DA:45,15
DA:46,240
DA:47,240
DA:53,240
DA:56,15
DA:57,15
DA:58,15
DA:59,15
DA:61,15
DA:65,960
DA:66,240
DA:67,240
DA:68,720
DA:69,240
DA:70,240
DA:71,480
DA:72,240
DA:73,240
DA:75,240
DA:76,240
DA:79,960
DA:81,960
DA:82,960
DA:83,960
DA:85,960
DA:86,960
DA:87,960
DA:88,960
DA:90,960
DA:91,960
DA:94,15
DA:95,15
DA:96,15
DA:97,15
DA:100,13
DA:109,14
DA:110,14
DA:112,14
DA:114,14
DA:115,691
DA:118,14
DA:120,14
DA:121,207
DA:124,14
DA:126,14
DA:127,112
DA:130,14
DA:134,961
DA:138,3901
DA:142,53
DA:144,53
DA:145,212
DA:146,212
DA:148,212
DA:149,13
DA:152,212
DA:155,53
DA:158,1
DA:159,1
LF:80
LH:74
BRDA:2,0,0,9
BRDA:2,0,1,0
BRDA:6,1,0,0
BRDA:6,1,1,0
BRDA:65,2,0,240
BRDA:65,2,1,720
BRDA:68,3,0,240
BRDA:68,3,1,480
BRDA:71,4,0,240
BRDA:71,4,1,240
BRDA:148,5,0,13
BRDA:148,5,1,199
BRDA:158,6,0,1
BRDA:158,6,1,0
BRDA:158,7,0,1
BRDA:158,7,1,1
BRF:16
BRH:12
end_of_record
