{"C:\\Users\\Соломія\\Desktop\\labs\\lab1\\lab1.js": {"path":"C:\\Users\\Соломія\\Desktop\\labs\\lab1\\lab1.js","statementMap":{"0":{"start":{"line":1,"column":10},"end":{"line":1,"column":14}},"1":{"start":{"line":2,"column":10},"end":{"line":2,"column":12}},"2":{"start":{"line":3,"column":10},"end":{"line":3,"column":11}},"3":{"start":{"line":4,"column":11},"end":{"line":4,"column":12}},"4":{"start":{"line":7,"column":19},"end":{"line":7,"column":21}},"5":{"start":{"line":8,"column":12},"end":{"line":8,"column":14}},"6":{"start":{"line":10,"column":4},"end":{"line":13,"column":5}},"7":{"start":{"line":10,"column":17},"end":{"line":10,"column":18}},"8":{"start":{"line":11,"column":8},"end":{"line":11,"column":28}},"9":{"start":{"line":12,"column":8},"end":{"line":12,"column":23}},"10":{"start":{"line":15,"column":4},"end":{"line":15,"column":18}},"11":{"start":{"line":19,"column":17},"end":{"line":19,"column":26}},"12":{"start":{"line":20,"column":12},"end":{"line":20,"column":14}},"13":{"start":{"line":21,"column":15},"end":{"line":21,"column":16}},"14":{"start":{"line":23,"column":4},"end":{"line":31,"column":5}},"15":{"start":{"line":24,"column":8},"end":{"line":26,"column":9}},"16":{"start":{"line":25,"column":12},"end":{"line":25,"column":38}},"17":{"start":{"line":28,"column":8},"end":{"line":28,"column":26}},"18":{"start":{"line":29,"column":8},"end":{"line":29,"column":28}},"19":{"start":{"line":30,"column":8},"end":{"line":30,"column":15}},"20":{"start":{"line":35,"column":4},"end":{"line":37,"column":5}},"21":{"start":{"line":36,"column":8},"end":{"line":36,"column":17}},"22":{"start":{"line":38,"column":4},"end":{"line":38,"column":25}},"23":{"start":{"line":42,"column":4},"end":{"line":44,"column":5}},"24":{"start":{"line":43,"column":8},"end":{"line":43,"column":20}},"25":{"start":{"line":46,"column":23},"end":{"line":46,"column":24}},"26":{"start":{"line":47,"column":21},"end":{"line":47,"column":22}},"27":{"start":{"line":49,"column":4},"end":{"line":57,"column":5}},"28":{"start":{"line":49,"column":17},"end":{"line":49,"column":18}},"29":{"start":{"line":50,"column":18},"end":{"line":50,"column":28}},"30":{"start":{"line":51,"column":18},"end":{"line":51,"column":32}},"31":{"start":{"line":52,"column":8},"end":{"line":52,"column":21}},"32":{"start":{"line":54,"column":8},"end":{"line":56,"column":9}},"33":{"start":{"line":55,"column":12},"end":{"line":55,"column":27}},"34":{"start":{"line":59,"column":4},"end":{"line":61,"column":5}},"35":{"start":{"line":60,"column":8},"end":{"line":60,"column":20}},"36":{"start":{"line":63,"column":24},"end":{"line":63,"column":49}},"37":{"start":{"line":64,"column":15},"end":{"line":64,"column":41}},"38":{"start":{"line":66,"column":4},"end":{"line":71,"column":6}},"39":{"start":{"line":75,"column":26},"end":{"line":75,"column":63}},"40":{"start":{"line":76,"column":23},"end":{"line":76,"column":48}},"41":{"start":{"line":78,"column":26},"end":{"line":81,"column":5}},"42":{"start":{"line":80,"column":14},"end":{"line":80,"column":47}},"43":{"start":{"line":82,"column":23},"end":{"line":82,"column":48}},"44":{"start":{"line":84,"column":19},"end":{"line":84,"column":31}},"45":{"start":{"line":86,"column":4},"end":{"line":92,"column":6}},"46":{"start":{"line":96,"column":18},"end":{"line":96,"column":64}},"47":{"start":{"line":97,"column":19},"end":{"line":97,"column":52}},"48":{"start":{"line":99,"column":4},"end":{"line":102,"column":5}},"49":{"start":{"line":100,"column":8},"end":{"line":100,"column":61}},"50":{"start":{"line":101,"column":8},"end":{"line":101,"column":15}},"51":{"start":{"line":104,"column":19},"end":{"line":104,"column":33}},"52":{"start":{"line":106,"column":15},"end":{"line":106,"column":17}},"53":{"start":{"line":108,"column":4},"end":{"line":108,"column":46}},"54":{"start":{"line":110,"column":4},"end":{"line":114,"column":5}},"55":{"start":{"line":111,"column":8},"end":{"line":111,"column":56}},"56":{"start":{"line":113,"column":8},"end":{"line":113,"column":65}},"57":{"start":{"line":116,"column":4},"end":{"line":120,"column":5}},"58":{"start":{"line":117,"column":8},"end":{"line":117,"column":63}},"59":{"start":{"line":119,"column":8},"end":{"line":119,"column":72}},"60":{"start":{"line":122,"column":4},"end":{"line":122,"column":35}},"61":{"start":{"line":123,"column":4},"end":{"line":123,"column":44}},"62":{"start":{"line":125,"column":4},"end":{"line":125,"column":28}},"63":{"start":{"line":129,"column":23},"end":{"line":129,"column":66}},"64":{"start":{"line":131,"column":4},"end":{"line":134,"column":5}},"65":{"start":{"line":132,"column":8},"end":{"line":132,"column":34}},"66":{"start":{"line":133,"column":8},"end":{"line":133,"column":15}},"67":{"start":{"line":136,"column":17},"end":{"line":136,"column":63}},"68":{"start":{"line":137,"column":17},"end":{"line":137,"column":44}},"69":{"start":{"line":139,"column":4},"end":{"line":139,"column":42}},"70":{"start":{"line":140,"column":4},"end":{"line":140,"column":34}},"71":{"start":{"line":141,"column":4},"end":{"line":141,"column":17}},"72":{"start":{"line":143,"column":4},"end":{"line":143,"column":35}},"73":{"start":{"line":147,"column":4},"end":{"line":147,"column":53}},"74":{"start":{"line":150,"column":0},"end":{"line":161,"column":1}},"75":{"start":{"line":151,"column":4},"end":{"line":160,"column":6}}},"fnMap":{"0":{"name":"generateRandomNumbers","decl":{"start":{"line":6,"column":9},"end":{"line":6,"column":30}},"loc":{"start":{"line":6,"column":47},"end":{"line":16,"column":1}},"line":6},"1":{"name":"findPeriod","decl":{"start":{"line":18,"column":9},"end":{"line":18,"column":19}},"loc":{"start":{"line":18,"column":22},"end":{"line":32,"column":1}},"line":18},"2":{"name":"gcd","decl":{"start":{"line":34,"column":9},"end":{"line":34,"column":12}},"loc":{"start":{"line":34,"column":19},"end":{"line":39,"column":1}},"line":34},"3":{"name":"algoCesaro","decl":{"start":{"line":41,"column":9},"end":{"line":41,"column":19}},"loc":{"start":{"line":41,"column":29},"end":{"line":72,"column":1}},"line":41},"4":{"name":"runLab1","decl":{"start":{"line":74,"column":9},"end":{"line":74,"column":16}},"loc":{"start":{"line":74,"column":33},"end":{"line":93,"column":1}},"line":74},"5":{"name":"(anonymous_5)","decl":{"start":{"line":80,"column":8},"end":{"line":80,"column":9}},"loc":{"start":{"line":80,"column":14},"end":{"line":80,"column":47}},"line":80},"6":{"name":"run","decl":{"start":{"line":95,"column":9},"end":{"line":95,"column":12}},"loc":{"start":{"line":95,"column":15},"end":{"line":126,"column":1}},"line":95},"7":{"name":"save","decl":{"start":{"line":128,"column":9},"end":{"line":128,"column":13}},"loc":{"start":{"line":128,"column":16},"end":{"line":144,"column":1}},"line":128},"8":{"name":"clearOutput","decl":{"start":{"line":146,"column":9},"end":{"line":146,"column":20}},"loc":{"start":{"line":146,"column":23},"end":{"line":148,"column":1}},"line":146}},"branchMap":{"0":{"loc":{"start":{"line":24,"column":8},"end":{"line":26,"column":9}},"type":"if","locations":[{"start":{"line":24,"column":8},"end":{"line":26,"column":9}},{"start":{},"end":{}}],"line":24},"1":{"loc":{"start":{"line":35,"column":4},"end":{"line":37,"column":5}},"type":"if","locations":[{"start":{"line":35,"column":4},"end":{"line":37,"column":5}},{"start":{},"end":{}}],"line":35},"2":{"loc":{"start":{"line":42,"column":4},"end":{"line":44,"column":5}},"type":"if","locations":[{"start":{"line":42,"column":4},"end":{"line":44,"column":5}},{"start":{},"end":{}}],"line":42},"3":{"loc":{"start":{"line":54,"column":8},"end":{"line":56,"column":9}},"type":"if","locations":[{"start":{"line":54,"column":8},"end":{"line":56,"column":9}},{"start":{},"end":{}}],"line":54},"4":{"loc":{"start":{"line":59,"column":4},"end":{"line":61,"column":5}},"type":"if","locations":[{"start":{"line":59,"column":4},"end":{"line":61,"column":5}},{"start":{},"end":{}}],"line":59},"5":{"loc":{"start":{"line":59,"column":8},"end":{"line":59,"column":46}},"type":"binary-expr","locations":[{"start":{"line":59,"column":8},"end":{"line":59,"column":24}},{"start":{"line":59,"column":28},"end":{"line":59,"column":46}}],"line":59},"6":{"loc":{"start":{"line":99,"column":4},"end":{"line":102,"column":5}},"type":"if","locations":[{"start":{"line":99,"column":4},"end":{"line":102,"column":5}},{"start":{},"end":{}}],"line":99},"7":{"loc":{"start":{"line":99,"column":8},"end":{"line":99,"column":28}},"type":"binary-expr","locations":[{"start":{"line":99,"column":8},"end":{"line":99,"column":14}},{"start":{"line":99,"column":18},"end":{"line":99,"column":28}}],"line":99},"8":{"loc":{"start":{"line":110,"column":4},"end":{"line":114,"column":5}},"type":"if","locations":[{"start":{"line":110,"column":4},"end":{"line":114,"column":5}},{"start":{"line":112,"column":11},"end":{"line":114,"column":5}}],"line":110},"9":{"loc":{"start":{"line":116,"column":4},"end":{"line":120,"column":5}},"type":"if","locations":[{"start":{"line":116,"column":4},"end":{"line":120,"column":5}},{"start":{"line":118,"column":11},"end":{"line":120,"column":5}}],"line":116},"10":{"loc":{"start":{"line":131,"column":4},"end":{"line":134,"column":5}},"type":"if","locations":[{"start":{"line":131,"column":4},"end":{"line":134,"column":5}},{"start":{},"end":{}}],"line":131},"11":{"loc":{"start":{"line":150,"column":0},"end":{"line":161,"column":1}},"type":"if","locations":[{"start":{"line":150,"column":0},"end":{"line":161,"column":1}},{"start":{},"end":{}}],"line":150},"12":{"loc":{"start":{"line":150,"column":4},"end":{"line":150,"column":51}},"type":"binary-expr","locations":[{"start":{"line":150,"column":4},"end":{"line":150,"column":33}},{"start":{"line":150,"column":37},"end":{"line":150,"column":51}}],"line":150}},"s":{"0":1,"1":1,"2":1,"3":1,"4":5,"5":5,"6":5,"7":5,"8":24,"9":24,"10":5,"11":2,"12":2,"13":2,"14":2,"15":6,"16":2,"17":4,"18":4,"19":4,"20":86,"21":23,"22":63,"23":7,"24":1,"25":6,"26":6,"27":6,"28":6,"29":19,"30":19,"31":19,"32":19,"33":5,"34":6,"35":3,"36":3,"37":3,"38":3,"39":2,"40":2,"41":2,"42":14,"43":2,"44":2,"45":2,"46":2,"47":2,"48":2,"49":1,"50":1,"51":1,"52":1,"53":1,"54":1,"55":1,"56":0,"57":1,"58":0,"59":1,"60":1,"61":1,"62":1,"63":2,"64":2,"65":1,"66":1,"67":1,"68":1,"69":1,"70":1,"71":1,"72":1,"73":1,"74":1,"75":1},"f":{"0":5,"1":2,"2":86,"3":7,"4":2,"5":14,"6":2,"7":2,"8":1},"b":{"0":[2,4],"1":[23,63],"2":[1,6],"3":[5,14],"4":[3,3],"5":[6,6],"6":[1,1],"7":[2,1],"8":[1,0],"9":[0,1],"10":[1,1],"11":[1,0],"12":[1,1]},"_coverageSchema":"1a1c01bbd47fc00a2c39e90264f33305004495a9","hash":"3676b9258832f9069381b5bea8390950c730a0b8"}
}
