TN:
SF:lab1.js
FN:6,generateRandomNumbers
FN:18,findPeriod
FN:34,gcd
FN:41,algoCesaro
FN:74,runLab1
FN:80,(anonymous_5)
FN:95,run
FN:128,save
FN:146,clearOutput
FNF:9
FNH:9
FNDA:5,generateRandomNumbers
FNDA:2,findPeriod
FNDA:86,gcd
FNDA:7,algoCesaro
FNDA:2,runLab1
FNDA:14,(anonymous_5)
FNDA:2,run
FNDA:2,save
FNDA:1,clearOutput
DA:1,1
DA:2,1
DA:3,1
DA:4,1
DA:7,5
DA:8,5
DA:10,5
DA:11,24
DA:12,24
DA:15,5
DA:19,2
DA:20,2
DA:21,2
DA:23,2
DA:24,6
DA:25,2
DA:28,4
DA:29,4
DA:30,4
DA:35,86
DA:36,23
DA:38,63
DA:42,7
DA:43,1
DA:46,6
DA:47,6
DA:49,6
DA:50,19
DA:51,19
DA:52,19
DA:54,19
DA:55,5
DA:59,6
DA:60,3
DA:63,3
DA:64,3
DA:66,3
DA:75,2
DA:76,2
DA:78,2
DA:80,14
DA:82,2
DA:84,2
DA:86,2
DA:96,2
DA:97,2
DA:99,2
DA:100,1
DA:101,1
DA:104,1
DA:106,1
DA:108,1
DA:110,1
DA:111,1
DA:113,0
DA:116,1
DA:117,0
DA:119,1
DA:122,1
DA:123,1
DA:125,1
DA:129,2
DA:131,2
DA:132,1
DA:133,1
DA:136,1
DA:137,1
DA:139,1
DA:140,1
DA:141,1
DA:143,1
DA:147,1
DA:150,1
DA:151,1
LF:74
LH:72
BRDA:24,0,0,2
BRDA:24,0,1,4
BRDA:35,1,0,23
BRDA:35,1,1,63
BRDA:42,2,0,1
BRDA:42,2,1,6
BRDA:54,3,0,5
BRDA:54,3,1,14
BRDA:59,4,0,3
BRDA:59,4,1,3
BRDA:59,5,0,6
BRDA:59,5,1,6
BRDA:99,6,0,1
BRDA:99,6,1,1
BRDA:99,7,0,2
BRDA:99,7,1,1
BRDA:110,8,0,1
BRDA:110,8,1,0
BRDA:116,9,0,0
BRDA:116,9,1,1
BRDA:131,10,0,1
BRDA:131,10,1,1
BRDA:150,11,0,1
BRDA:150,11,1,0
BRDA:150,12,0,1
BRDA:150,12,1,1
BRF:26
BRH:23
end_of_record
